<?xml version="1.0" encoding="UTF-8" ?>
<testsuites>
<testsuite name="IHTest.exe.ProfileSelfUpdate.UUtils.TestProfileSelfUpdate_UProfileSelfUpdate_UUtils" tests="1" failures="0" errors="0" skipped="0" time="0.020833" timestamp="2025-02-16T14:06:15" package="IHTest.exe" id="0" hostname="caindvbuild01.well.local">
<testcase name="Test_FindParamInLine" classname="Test_FindParamInLine" time="0.020779" file="UD_UProfileSelfUpdate.UUtils.pas"/>
</testsuite>
<testsuite name="IHTest.exe.Utils.Test_IKCollection" tests="5" failures="0" errors="0" skipped="0" time="0.410216" timestamp="2025-02-16T14:06:15" package="IHTest.exe" id="1" hostname="caindvbuild01.well.local">
<testcase name="Test_FindDirect" classname="Test_FindDirect" time="0.037979" file="UD_UKUtilities.pas"/>
<testcase name="Test_FindIUnknown" classname="Test_FindIUnknown" time="0.000027" file="UD_UKUtilities.pas"/>
<testcase name="Test_FindObjId" classname="Test_FindObjId" time="0.000016" file="UD_UKUtilities.pas"/>
<testcase name="Test_FileStream" classname="Test_FileStream" time="0.135375" file="UD_UKUtilities.pas"/>
<testcase name="Test_PagedTree" classname="Test_PagedTree" time="0.236688" file="UD_UKUtilities.pas"/>
</testsuite>
<testsuite name="IHTest.exe.Utils.Test_IKStrings" tests="1" failures="0" errors="0" skipped="0" time="0.008146" timestamp="2025-02-16T14:06:15" package="IHTest.exe" id="2" hostname="caindvbuild01.well.local">
<testcase name="Test_Text" classname="Test_Text" time="0.008107" file="UD_UKUtilities.pas"/>
</testsuite>
<testsuite name="IHTest.exe.Utils.Test_IKFileStream" tests="1" failures="0" errors="0" skipped="0" time="0.02429" timestamp="2025-02-16T14:06:15" package="IHTest.exe" id="3" hostname="caindvbuild01.well.local">
<testcase name="Test_Concurrency" classname="Test_Concurrency" time="0.024231" file="UD_UKUtilities.pas"/>
</testsuite>
<testsuite name="IHTest.exe.Utils.TTest_IKIntCollection" tests="2" failures="0" errors="0" skipped="0" time="0.023316" timestamp="2025-02-16T14:06:15" package="IHTest.exe" id="4" hostname="caindvbuild01.well.local">
<testcase name="TestFill" classname="TestFill" time="0.023239" file="UD_UKUtilities.pas"/>
<testcase name="TestFillSorted" classname="TestFillSorted" time="0.000016" file="UD_UKUtilities.pas"/>
</testsuite>
<testsuite name="IHTest.exe.Utils.TTest_IKClassRegistry" tests="1" failures="0" errors="0" skipped="0" time="0.013353" timestamp="2025-02-16T14:06:15" package="IHTest.exe" id="5" hostname="caindvbuild01.well.local">
<testcase name="Test" classname="Test" time="0.013317" file="UD_UKUtilities.pas"/>
</testsuite>
<testsuite name="IHTest.exe.Utils.Test_IKFile" tests="1" failures="0" errors="0" skipped="0" time="0.041778" timestamp="2025-02-16T14:06:15" package="IHTest.exe" id="6" hostname="caindvbuild01.well.local">
<testcase name="Test_Concurrency" classname="Test_Concurrency" time="0.041724" file="UD_UKUtilities.pas"/>
</testsuite>
<testsuite name="IHTest.exe.Utils.Test_IKBlobList" tests="1" failures="0" errors="0" skipped="0" time="0.040988" timestamp="2025-02-16T14:06:15" package="IHTest.exe" id="7" hostname="caindvbuild01.well.local">
<testcase name="TestConcat" classname="TestConcat" time="0.040938" file="UD_UKUtilities.pas"/>
</testsuite>
<testsuite name="IHTest.exe.Utils.Test_TKNullable" tests="28" failures="0" errors="0" skipped="0" time="0.027711" timestamp="2025-02-16T14:06:15" package="IHTest.exe" id="8" hostname="caindvbuild01.well.local">
<testcase name="WithNoValue" classname="WithNoValue" time="0.00465" file="UD_UKUtilities.pas"/>
<testcase name="WithValue" classname="WithValue" time="0.000002" file="UD_UKUtilities.pas"/>
<testcase name="UnwrapNoValue" classname="UnwrapNoValue" time="0.002655" file="UD_UKUtilities.pas"/>
<testcase name="UnwrapValue" classname="UnwrapValue" time="0.000872" file="UD_UKUtilities.pas"/>
<testcase name="Equal_positive_Nullable_Nullable_Int32" classname="Equal_positive_Nullable_Nullable_Int32" time="0.004439" file="UD_UKUtilities.pas"/>
<testcase name="Equal_negative_Nullable_Nullable_Int32" classname="Equal_negative_Nullable_Nullable_Int32" time="0.000002" file="UD_UKUtilities.pas"/>
<testcase name="Equal_positive_Nullable_Int32" classname="Equal_positive_Nullable_Int32" time="0.000001" file="UD_UKUtilities.pas"/>
<testcase name="Equal_negative_Nullable_Int32" classname="Equal_negative_Nullable_Int32" time="0.000001" file="UD_UKUtilities.pas"/>
<testcase name="Equal_positive_Int32_Nullable" classname="Equal_positive_Int32_Nullable" time="0.000001" file="UD_UKUtilities.pas"/>
<testcase name="Equal_negative_Int32_Nullable" classname="Equal_negative_Int32_Nullable" time="0.000001" file="UD_UKUtilities.pas"/>
<testcase name="Equal_positive_Nullable_Nullable_TKOid" classname="Equal_positive_Nullable_Nullable_TKOid" time="0.009604" file="UD_UKUtilities.pas"/>
<testcase name="Equal_negative_Nullable_Nullable_TKOid" classname="Equal_negative_Nullable_Nullable_TKOid" time="0.000003" file="UD_UKUtilities.pas"/>
<testcase name="Equal_positive_Nullable_TKOid" classname="Equal_positive_Nullable_TKOid" time="0.000003" file="UD_UKUtilities.pas"/>
<testcase name="Equal_negative_Nullable_TKOid" classname="Equal_negative_Nullable_TKOid" time="0.000003" file="UD_UKUtilities.pas"/>
<testcase name="Equal_positive_TKOid_Nullable" classname="Equal_positive_TKOid_Nullable" time="0.000002" file="UD_UKUtilities.pas"/>
<testcase name="Equal_negative_TKOid_Nullable" classname="Equal_negative_TKOid_Nullable" time="0.000002" file="UD_UKUtilities.pas"/>
<testcase name="NotEqual_positive_Nullable_Nullable_Int32" classname="NotEqual_positive_Nullable_Nullable_Int32" time="0.002618" file="UD_UKUtilities.pas"/>
<testcase name="NotEqual_negative_Nullable_Nullable_Int32" classname="NotEqual_negative_Nullable_Nullable_Int32" time="0.000002" file="UD_UKUtilities.pas"/>
<testcase name="NotEqual_positive_Nullable_Int32" classname="NotEqual_positive_Nullable_Int32" time="0.000001" file="UD_UKUtilities.pas"/>
<testcase name="NotEqual_negative_Nullable_Int32" classname="NotEqual_negative_Nullable_Int32" time="0.000001" file="UD_UKUtilities.pas"/>
<testcase name="NotEqual_positive_Int32_Nullable" classname="NotEqual_positive_Int32_Nullable" time="0.000001" file="UD_UKUtilities.pas"/>
<testcase name="NotEqual_negative_Int32_Nullable" classname="NotEqual_negative_Int32_Nullable" time="0.000001" file="UD_UKUtilities.pas"/>
<testcase name="NotEqual_positive_Nullable_Nullable_TKOid" classname="NotEqual_positive_Nullable_Nullable_TKOid" time="0.002577" file="UD_UKUtilities.pas"/>
<testcase name="NotEqual_negative_Nullable_Nullable_TKOid" classname="NotEqual_negative_Nullable_Nullable_TKOid" time="0.000003" file="UD_UKUtilities.pas"/>
<testcase name="NotEqual_positive_Nullable_TKOid" classname="NotEqual_positive_Nullable_TKOid" time="0.000002" file="UD_UKUtilities.pas"/>
<testcase name="NotEqual_negative_Nullable_TKOid" classname="NotEqual_negative_Nullable_TKOid" time="0.000002" file="UD_UKUtilities.pas"/>
<testcase name="NotEqual_positive_TKOid_Nullable" classname="NotEqual_positive_TKOid_Nullable" time="0.000002" file="UD_UKUtilities.pas"/>
<testcase name="NotEqual_negative_TKOid_Nullable" classname="NotEqual_negative_TKOid_Nullable" time="0.000002" file="UD_UKUtilities.pas"/>
</testsuite>
<testsuite name="IHTest.exe.Utils.Test_Between" tests="4" failures="0" errors="0" skipped="0" time="0.034812" timestamp="2025-02-16T14:06:15" package="IHTest.exe" id="9" hostname="caindvbuild01.well.local">
<testcase name="Year" classname="Year" time="0.014871" file="UD_UKUtilities.pas"/>
<testcase name="Month" classname="Month" time="0.006363" file="UD_UKUtilities.pas"/>
<testcase name="Date" classname="Date" time="0.006308" file="UD_UKUtilities.pas"/>
<testcase name="Full" classname="Full" time="0.00718" file="UD_UKUtilities.pas"/>
</testsuite>
<testsuite name="IHTest.exe.Utils.UKCountryInfo.Test_UKCountryInfo" tests="26" failures="0" errors="0" skipped="0" time="0.337027" timestamp="2025-02-16T14:06:15" package="IHTest.exe" id="10" hostname="caindvbuild01.well.local">
<testcase name="Test_TBCanadaInfo" classname="Test_TBCanadaInfo" time="0.05516" file="UD_UKCountryInfo.pas"/>
<testcase name="Test_TBCanadaInfo_ValidatePatientId_Alberta" classname="Test_TBCanadaInfo_ValidatePatientId_Alberta" time="0.039873" file="UD_UKCountryInfo.pas"/>
<testcase name="Test_TBCanadaInfo_ValidatePatientId_BritishColumbia" classname="Test_TBCanadaInfo_ValidatePatientId_BritishColumbia" time="0.00469" file="UD_UKCountryInfo.pas"/>
<testcase name="Test_TBCanadaInfo_ValidatePatientId_Manitoba" classname="Test_TBCanadaInfo_ValidatePatientId_Manitoba" time="0.002724" file="UD_UKCountryInfo.pas"/>
<testcase name="Test_TBCanadaInfo_ValidatePatientId_Newfoundland_And_Labrador" classname="Test_TBCanadaInfo_ValidatePatientId_Newfoundland_And_Labrador" time="0.002703" file="UD_UKCountryInfo.pas"/>
<testcase name="Test_TBCanadaInfo_ValidatePatientId_New_Brunswick" classname="Test_TBCanadaInfo_ValidatePatientId_New_Brunswick" time="0.002775" file="UD_UKCountryInfo.pas"/>
<testcase name="Test_TBCanadaInfo_ValidatePatientId_Northwest_Territories" classname="Test_TBCanadaInfo_ValidatePatientId_Northwest_Territories" time="0.007901" file="UD_UKCountryInfo.pas"/>
<testcase name="Test_TBCanadaInfo_ValidatePatientId_Nova_Scotia" classname="Test_TBCanadaInfo_ValidatePatientId_Nova_Scotia" time="0.003403" file="UD_UKCountryInfo.pas"/>
<testcase name="Test_TBCanadaInfo_ValidatePatientId_Nunavut" classname="Test_TBCanadaInfo_ValidatePatientId_Nunavut" time="0.000013" file="UD_UKCountryInfo.pas"/>
<testcase name="Test_TBCanadaInfo_ValidatePatientId_Ontario" classname="Test_TBCanadaInfo_ValidatePatientId_Ontario" time="0.002696" file="UD_UKCountryInfo.pas"/>
<testcase name="Test_TBCanadaInfo_ValidatePatientId_Prince_Edward_Island" classname="Test_TBCanadaInfo_ValidatePatientId_Prince_Edward_Island" time="0.003491" file="UD_UKCountryInfo.pas"/>
<testcase name="Test_TBCanadaInfo_ValidatePatientId_Quebec" classname="Test_TBCanadaInfo_ValidatePatientId_Quebec" time="0.017093" file="UD_UKCountryInfo.pas"/>
<testcase name="Test_TBCanadaInfo_ValidatePatientId_Saskatchewan" classname="Test_TBCanadaInfo_ValidatePatientId_Saskatchewan" time="0.00292" file="UD_UKCountryInfo.pas"/>
<testcase name="Test_TBCanadaInfo_ValidatePatientId_Yukon" classname="Test_TBCanadaInfo_ValidatePatientId_Yukon" time="0.00362" file="UD_UKCountryInfo.pas"/>
<testcase name="Test_TBCanadaInfo_ValidatePatientId_CSC" classname="Test_TBCanadaInfo_ValidatePatientId_CSC" time="0.014635" file="UD_UKCountryInfo.pas"/>
<testcase name="Test_TBCanadaInfo_SetPatientId" classname="Test_TBCanadaInfo_SetPatientId" time="0.019312" file="UD_UKCountryInfo.pas"/>
<testcase name="Test_TKNewZealandInfo_ValidateHPI_CPN" classname="Test_TKNewZealandInfo_ValidateHPI_CPN" time="0.027593" file="UD_UKCountryInfo.pas"/>
<testcase name="Test_TKNewZealandInfo_ValidateHPIFacilityID" classname="Test_TKNewZealandInfo_ValidateHPIFacilityID" time="0.032523" file="UD_UKCountryInfo.pas"/>
<testcase name="Test_TKNewZealandInfo_ValidatePatientId_Old" classname="Test_TKNewZealandInfo_ValidatePatientId_Old" time="0.033474" file="UD_UKCountryInfo.pas"/>
<testcase name="Test_TKNewZealandInfo_ValidatePatientId_Old_Invalid" classname="Test_TKNewZealandInfo_ValidatePatientId_Old_Invalid" time="0.001988" file="UD_UKCountryInfo.pas"/>
<testcase name="Test_TKNewZealandInfo_ValidatePatientId_New_2023" classname="Test_TKNewZealandInfo_ValidatePatientId_New_2023" time="0.012998" file="UD_UKCountryInfo.pas"/>
<testcase name="Test_TKNewZealandInfo_ValidatePatientId_New_2023_Invalid" classname="Test_TKNewZealandInfo_ValidatePatientId_New_2023_Invalid" time="0.001928" file="UD_UKCountryInfo.pas"/>
<testcase name="Test_TKNewZealandInfo_ValidatePatientId_TestNHIs" classname="Test_TKNewZealandInfo_ValidatePatientId_TestNHIs" time="0.000983" file="UD_UKCountryInfo.pas"/>
<testcase name="Test_TKAustraliaInfo_ValidateAuthorityNumberBase" classname="Test_TKAustraliaInfo_ValidateAuthorityNumberBase" time="0.003827" file="UD_UKCountryInfo.pas"/>
<testcase name="Test_TKAustraliaInfo_ValidateVeteransId" classname="Test_TKAustraliaInfo_ValidateVeteransId" time="0.032809" file="UD_UKCountryInfo.pas"/>
<testcase name="Test_TKAustraliaInfo_MakeAuthorityNumber" classname="Test_TKAustraliaInfo_MakeAuthorityNumber" time="0.005431" file="UD_UKCountryInfo.pas"/>
</testsuite>
<testsuite name="IHTest.exe.Utils.UDateTimeUtils.Test_UDateTimeUtils" tests="23" failures="0" errors="0" skipped="0" time="0.892454" timestamp="2025-02-16T14:06:16" package="IHTest.exe" id="11" hostname="caindvbuild01.well.local">
<testcase name="Test_CreateDateRange" classname="Test_CreateDateRange" time="0.00415" file="UD_UDateTimeUtils.pas"/>
<testcase name="Test_IsEqualDateRange" classname="Test_IsEqualDateRange" time="0.002683" file="UD_UDateTimeUtils.pas"/>
<testcase name="Test_IsEmptyDateRange" classname="Test_IsEmptyDateRange" time="0.002707" file="UD_UDateTimeUtils.pas"/>
<testcase name="Test_IntersectDateRange" classname="Test_IntersectDateRange" time="0.003556" file="UD_UDateTimeUtils.pas"/>
<testcase name="Test_UnionDateRange" classname="Test_UnionDateRange" time="0.008986" file="UD_UDateTimeUtils.pas"/>
<testcase name="Test_IsDateInDateRange" classname="Test_IsDateInDateRange" time="0.002674" file="UD_UDateTimeUtils.pas"/>
<testcase name="Test_IncYear" classname="Test_IncYear" time="0.000007" file="UD_UDateTimeUtils.pas"/>
<testcase name="Test_IncWeek" classname="Test_IncWeek" time="0.000002" file="UD_UDateTimeUtils.pas"/>
<testcase name="Test_IncDay" classname="Test_IncDay" time="0.000002" file="UD_UDateTimeUtils.pas"/>
<testcase name="Test_IncDateUnit" classname="Test_IncDateUnit" time="0.01439" file="UD_UDateTimeUtils.pas"/>
<testcase name="Test_CompareDateTime" classname="Test_CompareDateTime" time="0.000007" file="UD_UDateTimeUtils.pas"/>
<testcase name="Test_StringToDate" classname="Test_StringToDate" time="0.13036" file="UD_UDateTimeUtils.pas"/>
<testcase name="Test_IHTimeToStr1" classname="Test_IHTimeToStr1" time="0.025102" file="UD_UDateTimeUtils.pas"/>
<testcase name="Test_IHTimeToStr2" classname="Test_IHTimeToStr2" time="0.00096" file="UD_UDateTimeUtils.pas"/>
<testcase name="Test_DateTimeLocalToUTC" classname="Test_DateTimeLocalToUTC" time="0.014695" file="UD_UDateTimeUtils.pas"/>
<testcase name="Test_AnsiStrToDateTimeEx" classname="Test_AnsiStrToDateTimeEx" time="0.039733" file="UD_UDateTimeUtils.pas"/>
<testcase name="Test_ConvertStringWDDateRangeToDays" classname="Test_ConvertStringWDDateRangeToDays" time="0.114707" file="UD_UDateTimeUtils.pas"/>
<testcase name="Test_WrongConvertStringWDDateRangeToDays" classname="Test_WrongConvertStringWDDateRangeToDays" time="0.01497" file="UD_UDateTimeUtils.pas"/>
<testcase name="Test_AnsiDateTimeStrToDateTime" classname="Test_AnsiDateTimeStrToDateTime" time="0.021687" file="UD_UDateTimeUtils.pas"/>
<testcase name="Test_CmpDateTime" classname="Test_CmpDateTime" time="0.006444" file="UD_UDateTimeUtils.pas"/>
<testcase name="ReadXMLDateTime" classname="ReadXMLDateTime" time="0.333042" file="UD_UDateTimeUtils.pas"/>
<testcase name="Test_GetHH_MM_SS_ZZZ" classname="Test_GetHH_MM_SS_ZZZ" time="0.109249" file="UD_UDateTimeUtils.pas"/>
<testcase name="Test_FormatOrdinalNumber" classname="Test_FormatOrdinalNumber" time="0.041957" file="UD_UDateTimeUtils.pas"/>
</testsuite>
<testsuite name="IHTest.exe.Utils.UDateTimeUtils.Test_MmmStrToDate" tests="35" failures="0" errors="0" skipped="0" time="0.048122" timestamp="2025-02-16T14:06:17" package="IHTest.exe" id="12" hostname="caindvbuild01.well.local">
<testcase name="UnknownFormat" classname="UnknownFormat" time="0.025214" file="UD_UDateTimeUtils.pas"/>
<testcase name="Empty_En" classname="Empty_En" time="0.002906" file="UD_UDateTimeUtils.pas"/>
<testcase name="Empty_Fr" classname="Empty_Fr" time="0.000067" file="UD_UDateTimeUtils.pas"/>
<testcase name="dd_mmm_yyyy_NoSeparator_En" classname="dd_mmm_yyyy_NoSeparator_En" time="0.000482" file="UD_UDateTimeUtils.pas"/>
<testcase name="dd_mmm_yyyy_BlankSeparator_En" classname="dd_mmm_yyyy_BlankSeparator_En" time="0.000452" file="UD_UDateTimeUtils.pas"/>
<testcase name="dd_mmm_yyyy_SlashSeparator_En" classname="dd_mmm_yyyy_SlashSeparator_En" time="0.000469" file="UD_UDateTimeUtils.pas"/>
<testcase name="dd_mmm_yyyy_DotSeparator_En" classname="dd_mmm_yyyy_DotSeparator_En" time="0.000454" file="UD_UDateTimeUtils.pas"/>
<testcase name="dd_mmm_yyyy_CommaSeparator_En" classname="dd_mmm_yyyy_CommaSeparator_En" time="0.000419" file="UD_UDateTimeUtils.pas"/>
<testcase name="dd_mmm_yyyy_HyphenSeparator_En" classname="dd_mmm_yyyy_HyphenSeparator_En" time="0.000418" file="UD_UDateTimeUtils.pas"/>
<testcase name="mmm_dd_yyyy_NoSeparator_En" classname="mmm_dd_yyyy_NoSeparator_En" time="0.000479" file="UD_UDateTimeUtils.pas"/>
<testcase name="mmm_dd_yyyy_BlankSeparator_En" classname="mmm_dd_yyyy_BlankSeparator_En" time="0.000479" file="UD_UDateTimeUtils.pas"/>
<testcase name="mmm_dd_yyyy_SlashSeparator_En" classname="mmm_dd_yyyy_SlashSeparator_En" time="0.00266" file="UD_UDateTimeUtils.pas"/>
<testcase name="mmm_dd_yyyy_CommaSeparator_En" classname="mmm_dd_yyyy_CommaSeparator_En" time="0.000496" file="UD_UDateTimeUtils.pas"/>
<testcase name="yyyy_mmm_dd_NoSeparator_En" classname="yyyy_mmm_dd_NoSeparator_En" time="0.0033" file="UD_UDateTimeUtils.pas"/>
<testcase name="yyyy_mmm_dd_BlankSeparator_En" classname="yyyy_mmm_dd_BlankSeparator_En" time="0.000452" file="UD_UDateTimeUtils.pas"/>
<testcase name="yyyy_mmm_dd_SlashSeparator_En" classname="yyyy_mmm_dd_SlashSeparator_En" time="0.000453" file="UD_UDateTimeUtils.pas"/>
<testcase name="yyyy_mmm_dd_DotSeparator_En" classname="yyyy_mmm_dd_DotSeparator_En" time="0.000449" file="UD_UDateTimeUtils.pas"/>
<testcase name="yyyy_mmm_dd_CommaSeparator_En" classname="yyyy_mmm_dd_CommaSeparator_En" time="0.000432" file="UD_UDateTimeUtils.pas"/>
<testcase name="yyyy_mmm_dd_HyphenSeparator_En" classname="yyyy_mmm_dd_HyphenSeparator_En" time="0.000475" file="UD_UDateTimeUtils.pas"/>
<testcase name="dd_mmm_yyyy_NoSeparator_Fr" classname="dd_mmm_yyyy_NoSeparator_Fr" time="0.000462" file="UD_UDateTimeUtils.pas"/>
<testcase name="dd_mmm_yyyy_BlankSeparator_Fr" classname="dd_mmm_yyyy_BlankSeparator_Fr" time="0.00046" file="UD_UDateTimeUtils.pas"/>
<testcase name="dd_mmm_yyyy_SlashSeparator_Fr" classname="dd_mmm_yyyy_SlashSeparator_Fr" time="0.000452" file="UD_UDateTimeUtils.pas"/>
<testcase name="dd_mmm_yyyy_DotSeparator_Fr" classname="dd_mmm_yyyy_DotSeparator_Fr" time="0.000424" file="UD_UDateTimeUtils.pas"/>
<testcase name="dd_mmm_yyyy_CommaSeparator_Fr" classname="dd_mmm_yyyy_CommaSeparator_Fr" time="0.000424" file="UD_UDateTimeUtils.pas"/>
<testcase name="dd_mmm_yyyy_HyphenSeparator_Fr" classname="dd_mmm_yyyy_HyphenSeparator_Fr" time="0.000423" file="UD_UDateTimeUtils.pas"/>
<testcase name="mmm_dd_yyyy_NoSeparator_Fr" classname="mmm_dd_yyyy_NoSeparator_Fr" time="0.000463" file="UD_UDateTimeUtils.pas"/>
<testcase name="mmm_dd_yyyy_BlankSeparator_Fr" classname="mmm_dd_yyyy_BlankSeparator_Fr" time="0.0005" file="UD_UDateTimeUtils.pas"/>
<testcase name="mmm_dd_yyyy_SlashSeparator_Fr" classname="mmm_dd_yyyy_SlashSeparator_Fr" time="0.000523" file="UD_UDateTimeUtils.pas"/>
<testcase name="mmm_dd_yyyy_CommaSeparator_Fr" classname="mmm_dd_yyyy_CommaSeparator_Fr" time="0.000503" file="UD_UDateTimeUtils.pas"/>
<testcase name="yyyy_mmm_dd_NoSeparator_Fr" classname="yyyy_mmm_dd_NoSeparator_Fr" time="0.000456" file="UD_UDateTimeUtils.pas"/>
<testcase name="yyyy_mmm_dd_BlankSeparator_Fr" classname="yyyy_mmm_dd_BlankSeparator_Fr" time="0.000437" file="UD_UDateTimeUtils.pas"/>
<testcase name="yyyy_mmm_dd_SlashSeparator_Fr" classname="yyyy_mmm_dd_SlashSeparator_Fr" time="0.000423" file="UD_UDateTimeUtils.pas"/>
<testcase name="yyyy_mmm_dd_DotSeparator_Fr" classname="yyyy_mmm_dd_DotSeparator_Fr" time="0.000422" file="UD_UDateTimeUtils.pas"/>
<testcase name="yyyy_mmm_dd_CommaSeparator_Fr" classname="yyyy_mmm_dd_CommaSeparator_Fr" time="0.000423" file="UD_UDateTimeUtils.pas"/>
<testcase name="yyyy_mmm_dd_HyphenSeparator_Fr" classname="yyyy_mmm_dd_HyphenSeparator_Fr" time="0.000453" file="UD_UDateTimeUtils.pas"/>
</testsuite>
<testsuite name="IHTest.exe.Utils.UDateTimeUtils.Test_IsDateMatchToCurFormat.ihdfNormal" tests="17" failures="0" errors="0" skipped="0" time="0.085139" timestamp="2025-02-16T14:06:17" package="IHTest.exe" id="13" hostname="caindvbuild01.well.local">
<testcase name="05/01/2016" classname="05/01/2016" time="0.044508" file="UD_UDateTimeUtils.pas"/>
<testcase name="5/1/2016" classname="5/1/2016" time="0.002605" file="UD_UDateTimeUtils.pas"/>
<testcase name="31/01/2016" classname="31/01/2016" time="0.002538" file="UD_UDateTimeUtils.pas"/>
<testcase name="01/01/1000" classname="01/01/1000" time="0.002342" file="UD_UDateTimeUtils.pas"/>
<testcase name="31/12/2999" classname="31/12/2999" time="0.002438" file="UD_UDateTimeUtils.pas"/>
<testcase name="Empty" classname="Empty" time="0.003785" file="UD_UDateTimeUtils.pas"/>
<testcase name="45/01/2016" classname="45/01/2016" time="0.002483" file="UD_UDateTimeUtils.pas"/>
<testcase name="01/18/2016" classname="01/18/2016" time="0.002423" file="UD_UDateTimeUtils.pas"/>
<testcase name="005/01/2016" classname="005/01/2016" time="0.002416" file="UD_UDateTimeUtils.pas"/>
<testcase name="05/001/2016" classname="05/001/2016" time="0.002339" file="UD_UDateTimeUtils.pas"/>
<testcase name="05/01/12016" classname="05/01/12016" time="0.002576" file="UD_UDateTimeUtils.pas"/>
<testcase name="05/31/2016 - ihdfUS" classname="05/31/2016 - ihdfUS" time="0.002461" file="UD_UDateTimeUtils.pas"/>
<testcase name="05 jan 2016 - ihdfDD_MMM_YYYY" classname="05 jan 2016 - ihdfDD_MMM_YYYY" time="0.002338" file="UD_UDateTimeUtils.pas"/>
<testcase name="jan 05 2016 - ihdfMMM_DD_YYYY" classname="jan 05 2016 - ihdfMMM_DD_YYYY" time="0.002374" file="UD_UDateTimeUtils.pas"/>
<testcase name="05jan2016 - ihdfMMMDDYYYY" classname="05jan2016 - ihdfMMMDDYYYY" time="0.002495" file="UD_UDateTimeUtils.pas"/>
<testcase name="20160106 - ihdfYYYYMMDD" classname="20160106 - ihdfYYYYMMDD" time="0.002335" file="UD_UDateTimeUtils.pas"/>
<testcase name="2016-01-06 - ihdfYYYY_MM_DD" classname="2016-01-06 - ihdfYYYY_MM_DD" time="0.002341" file="UD_UDateTimeUtils.pas"/>
</testsuite>
<testsuite name="IHTest.exe.Utils.UDateTimeUtils.Test_IsDateMatchToCurFormat.ihdfUS" tests="17" failures="0" errors="0" skipped="0" time="0.043481" timestamp="2025-02-16T14:06:17" package="IHTest.exe" id="14" hostname="caindvbuild01.well.local">
<testcase name="01/06/2016" classname="01/06/2016" time="0.004095" file="UD_UDateTimeUtils.pas"/>
<testcase name="1/6/2016" classname="1/6/2016" time="0.00239" file="UD_UDateTimeUtils.pas"/>
<testcase name="01/31/2016" classname="01/31/2016" time="0.002361" file="UD_UDateTimeUtils.pas"/>
<testcase name="01/01/1000" classname="01/01/1000" time="0.00243" file="UD_UDateTimeUtils.pas"/>
<testcase name="12/31/2999" classname="12/31/2999" time="0.002321" file="UD_UDateTimeUtils.pas"/>
<testcase name="Empty" classname="Empty" time="0.002492" file="UD_UDateTimeUtils.pas"/>
<testcase name="45/01/2016" classname="45/01/2016" time="0.002545" file="UD_UDateTimeUtils.pas"/>
<testcase name="06/38/2016" classname="06/38/2016" time="0.002384" file="UD_UDateTimeUtils.pas"/>
<testcase name="001/06/2016" classname="001/06/2016" time="0.002336" file="UD_UDateTimeUtils.pas"/>
<testcase name="01/006/2016" classname="01/006/2016" time="0.002503" file="UD_UDateTimeUtils.pas"/>
<testcase name="01/06/22016" classname="01/06/22016" time="0.002378" file="UD_UDateTimeUtils.pas"/>
<testcase name="31/01/2016 - ihdfNormal" classname="31/01/2016 - ihdfNormal" time="0.002441" file="UD_UDateTimeUtils.pas"/>
<testcase name="06 jan 2016 - ihdfDD_MMM_YYYY" classname="06 jan 2016 - ihdfDD_MMM_YYYY" time="0.002533" file="UD_UDateTimeUtils.pas"/>
<testcase name="jan 05 2016 - ihdfMMM_DD_YYYY" classname="jan 05 2016 - ihdfMMM_DD_YYYY" time="0.002554" file="UD_UDateTimeUtils.pas"/>
<testcase name="05jan2016 - ihdfMMMDDYYYY" classname="05jan2016 - ihdfMMMDDYYYY" time="0.002531" file="UD_UDateTimeUtils.pas"/>
<testcase name="20160106 - ihdfYYYYMMDD" classname="20160106 - ihdfYYYYMMDD" time="0.002446" file="UD_UDateTimeUtils.pas"/>
<testcase name="2016-01-06 - ihdfYYYY_MM_DD" classname="2016-01-06 - ihdfYYYY_MM_DD" time="0.002453" file="UD_UDateTimeUtils.pas"/>
</testsuite>
<testsuite name="IHTest.exe.Utils.UDateTimeUtils.Test_IsDateMatchToCurFormat.ihdfDD_MMM_YYYY" tests="38" failures="0" errors="0" skipped="0" time="0.100086" timestamp="2025-02-16T14:06:17" package="IHTest.exe" id="15" hostname="caindvbuild01.well.local">
<testcase name="01 jan 2016" classname="01 jan 2016" time="0.005593" file="UD_UDateTimeUtils.pas"/>
<testcase name="2 FEB 2016" classname="2 FEB 2016" time="0.002507" file="UD_UDateTimeUtils.pas"/>
<testcase name="03 Mar 2016" classname="03 Mar 2016" time="0.002438" file="UD_UDateTimeUtils.pas"/>
<testcase name="4 aPr 2016" classname="4 aPr 2016" time="0.0026" file="UD_UDateTimeUtils.pas"/>
<testcase name="05 maY 2016" classname="05 maY 2016" time="0.002437" file="UD_UDateTimeUtils.pas"/>
<testcase name="6 JuN 2016" classname="6 JuN 2016" time="0.002428" file="UD_UDateTimeUtils.pas"/>
<testcase name="07 jul 2016" classname="07 jul 2016" time="0.002528" file="UD_UDateTimeUtils.pas"/>
<testcase name="8 aug 2016" classname="8 aug 2016" time="0.002596" file="UD_UDateTimeUtils.pas"/>
<testcase name="09 sep 2016" classname="09 sep 2016" time="0.001902" file="UD_UDateTimeUtils.pas"/>
<testcase name="10 oct 2016" classname="10 oct 2016" time="0.001883" file="UD_UDateTimeUtils.pas"/>
<testcase name="11 nov 2016" classname="11 nov 2016" time="0.002349" file="UD_UDateTimeUtils.pas"/>
<testcase name="12 dec 2016" classname="12 dec 2016" time="0.002483" file="UD_UDateTimeUtils.pas"/>
<testcase name="01 jan 1000" classname="01 jan 1000" time="0.002611" file="UD_UDateTimeUtils.pas"/>
<testcase name="31 dec 2999" classname="31 dec 2999" time="0.002652" file="UD_UDateTimeUtils.pas"/>
<testcase name="French: 1 jan 2016" classname="French: 1 jan 2016" time="0.002661" file="UD_UDateTimeUtils.pas"/>
<testcase name="French: 21 Fev 2016" classname="French: 21 Fev 2016" time="0.002677" file="UD_UDateTimeUtils.pas"/>
<testcase name="French: 17 mArS 2016" classname="French: 17 mArS 2016" time="0.002509" file="UD_UDateTimeUtils.pas"/>
<testcase name="French: 5 avr 2016" classname="French: 5 avr 2016" time="0.002425" file="UD_UDateTimeUtils.pas"/>
<testcase name="French: 03 mai 2016" classname="French: 03 mai 2016" time="0.00251" file="UD_UDateTimeUtils.pas"/>
<testcase name="French: 24 juin 2016" classname="French: 24 juin 2016" time="0.002617" file="UD_UDateTimeUtils.pas"/>
<testcase name="French: 25 jui 2016" classname="French: 25 jui 2016" time="0.002666" file="UD_UDateTimeUtils.pas"/>
<testcase name="French: 28 aout 2016" classname="French: 28 aout 2016" time="0.002639" file="UD_UDateTimeUtils.pas"/>
<testcase name="French: 01 sep 2016" classname="French: 01 sep 2016" time="0.002647" file="UD_UDateTimeUtils.pas"/>
<testcase name="French: 22 oct 2016" classname="French: 22 oct 2016" time="0.002687" file="UD_UDateTimeUtils.pas"/>
<testcase name="French: 07 nov 2016" classname="French: 07 nov 2016" time="0.002627" file="UD_UDateTimeUtils.pas"/>
<testcase name="French: 31 dec 2016" classname="French: 31 dec 2016" time="0.002756" file="UD_UDateTimeUtils.pas"/>
<testcase name="Empty" classname="Empty" time="0.002489" file="UD_UDateTimeUtils.pas"/>
<testcase name="41 jan 2016" classname="41 jan 2016" time="0.002569" file="UD_UDateTimeUtils.pas"/>
<testcase name="01 zzz 2016" classname="01 zzz 2016" time="0.002606" file="UD_UDateTimeUtils.pas"/>
<testcase name="001 nov 2016" classname="001 nov 2016" time="0.002563" file="UD_UDateTimeUtils.pas"/>
<testcase name="01 november 2016" classname="01 november 2016" time="0.002577" file="UD_UDateTimeUtils.pas"/>
<testcase name="01 nov 20167" classname="01 nov 20167" time="0.002619" file="UD_UDateTimeUtils.pas"/>
<testcase name="31/01/2016 - ihdfNormal" classname="31/01/2016 - ihdfNormal" time="0.002596" file="UD_UDateTimeUtils.pas"/>
<testcase name="01/31/2016 - ihdfUS" classname="01/31/2016 - ihdfUS" time="0.002525" file="UD_UDateTimeUtils.pas"/>
<testcase name="jan 05 2016 - ihdfMMM_DD_YYYY" classname="jan 05 2016 - ihdfMMM_DD_YYYY" time="0.002639" file="UD_UDateTimeUtils.pas"/>
<testcase name="05jan2016 - ihdfMMMDDYYYY" classname="05jan2016 - ihdfMMMDDYYYY" time="0.002638" file="UD_UDateTimeUtils.pas"/>
<testcase name="20160106 - ihdfYYYYMMDD" classname="20160106 - ihdfYYYYMMDD" time="0.002617" file="UD_UDateTimeUtils.pas"/>
<testcase name="2016-01-06 - ihdfYYYY_MM_DD" classname="2016-01-06 - ihdfYYYY_MM_DD" time="0.002655" file="UD_UDateTimeUtils.pas"/>
</testsuite>
<testsuite name="IHTest.exe.Utils.UDateTimeUtils.Test_IsDateMatchToCurFormat.ihdfMMM_DD_YYYY" tests="38" failures="0" errors="0" skipped="0" time="0.10236" timestamp="2025-02-16T14:06:17" package="IHTest.exe" id="16" hostname="caindvbuild01.well.local">
<testcase name="jan 01 2016" classname="jan 01 2016" time="0.005132" file="UD_UDateTimeUtils.pas"/>
<testcase name="FEB 2 2016" classname="FEB 2 2016" time="0.002531" file="UD_UDateTimeUtils.pas"/>
<testcase name="Mar 03 2016" classname="Mar 03 2016" time="0.002607" file="UD_UDateTimeUtils.pas"/>
<testcase name="aPr 4 2016" classname="aPr 4 2016" time="0.002571" file="UD_UDateTimeUtils.pas"/>
<testcase name="maY 05 2016" classname="maY 05 2016" time="0.002657" file="UD_UDateTimeUtils.pas"/>
<testcase name="JuN 6 2016" classname="JuN 6 2016" time="0.002632" file="UD_UDateTimeUtils.pas"/>
<testcase name="jul 07 2016" classname="jul 07 2016" time="0.002601" file="UD_UDateTimeUtils.pas"/>
<testcase name="aug 8 2016" classname="aug 8 2016" time="0.002533" file="UD_UDateTimeUtils.pas"/>
<testcase name="sep 09 2016" classname="sep 09 2016" time="0.002582" file="UD_UDateTimeUtils.pas"/>
<testcase name="oct 10 2016" classname="oct 10 2016" time="0.002683" file="UD_UDateTimeUtils.pas"/>
<testcase name="nov 11 2016" classname="nov 11 2016" time="0.002713" file="UD_UDateTimeUtils.pas"/>
<testcase name="dec 12 2016" classname="dec 12 2016" time="0.00254" file="UD_UDateTimeUtils.pas"/>
<testcase name="jan 01 1000" classname="jan 01 1000" time="0.002662" file="UD_UDateTimeUtils.pas"/>
<testcase name="dec 31 2999" classname="dec 31 2999" time="0.002479" file="UD_UDateTimeUtils.pas"/>
<testcase name="French: jan 1 2016" classname="French: jan 1 2016" time="0.002514" file="UD_UDateTimeUtils.pas"/>
<testcase name="French: Fev 21 2016" classname="French: Fev 21 2016" time="0.002709" file="UD_UDateTimeUtils.pas"/>
<testcase name="French: mArS 17 2016" classname="French: mArS 17 2016" time="0.002678" file="UD_UDateTimeUtils.pas"/>
<testcase name="French: avr 5 2016" classname="French: avr 5 2016" time="0.002639" file="UD_UDateTimeUtils.pas"/>
<testcase name="French: mai 03 2016" classname="French: mai 03 2016" time="0.00264" file="UD_UDateTimeUtils.pas"/>
<testcase name="French: juin 24 2016" classname="French: juin 24 2016" time="0.002675" file="UD_UDateTimeUtils.pas"/>
<testcase name="French: jui 25 2016" classname="French: jui 25 2016" time="0.00266" file="UD_UDateTimeUtils.pas"/>
<testcase name="French: aout 28 2016" classname="French: aout 28 2016" time="0.002624" file="UD_UDateTimeUtils.pas"/>
<testcase name="French: sep 01 2016" classname="French: sep 01 2016" time="0.00268" file="UD_UDateTimeUtils.pas"/>
<testcase name="French: oct 22 2016" classname="French: oct 22 2016" time="0.002727" file="UD_UDateTimeUtils.pas"/>
<testcase name="French: nov 07 2016" classname="French: nov 07 2016" time="0.002474" file="UD_UDateTimeUtils.pas"/>
<testcase name="French: dec 31 2016" classname="French: dec 31 2016" time="0.002474" file="UD_UDateTimeUtils.pas"/>
<testcase name="Empty" classname="Empty" time="0.002539" file="UD_UDateTimeUtils.pas"/>
<testcase name="jan 41 2016" classname="jan 41 2016" time="0.002653" file="UD_UDateTimeUtils.pas"/>
<testcase name="zzz 01 2016" classname="zzz 01 2016" time="0.00272" file="UD_UDateTimeUtils.pas"/>
<testcase name="nov 001 2016" classname="nov 001 2016" time="0.002524" file="UD_UDateTimeUtils.pas"/>
<testcase name="november 01 2016" classname="november 01 2016" time="0.002494" file="UD_UDateTimeUtils.pas"/>
<testcase name="nov 01 20167" classname="nov 01 20167" time="0.002661" file="UD_UDateTimeUtils.pas"/>
<testcase name="31/01/2016 - ihdfNormal" classname="31/01/2016 - ihdfNormal" time="0.002613" file="UD_UDateTimeUtils.pas"/>
<testcase name="01/31/2016 - ihdfUS" classname="01/31/2016 - ihdfUS" time="0.002677" file="UD_UDateTimeUtils.pas"/>
<testcase name="05 jan 2016 - ihdfDD_MMM_YYYY" classname="05 jan 2016 - ihdfDD_MMM_YYYY" time="0.002717" file="UD_UDateTimeUtils.pas"/>
<testcase name="05jan2016 - ihdfMMMDDYYYY" classname="05jan2016 - ihdfMMMDDYYYY" time="0.002627" file="UD_UDateTimeUtils.pas"/>
<testcase name="20160106 - ihdfYYYYMMDD" classname="20160106 - ihdfYYYYMMDD" time="0.002526" file="UD_UDateTimeUtils.pas"/>
<testcase name="2016-01-06 - ihdfYYYY_MM_DD" classname="2016-01-06 - ihdfYYYY_MM_DD" time="0.0026" file="UD_UDateTimeUtils.pas"/>
</testsuite>
<testsuite name="IHTest.exe.Utils.UDateTimeUtils.Test_IsDateMatchToCurFormat.ihdfDDMMMYYYY" tests="38" failures="0" errors="0" skipped="0" time="0.10285" timestamp="2025-02-16T14:06:17" package="IHTest.exe" id="17" hostname="caindvbuild01.well.local">
<testcase name="01jan2016" classname="01jan2016" time="0.00454" file="UD_UDateTimeUtils.pas"/>
<testcase name="2FEB2016" classname="2FEB2016" time="0.002736" file="UD_UDateTimeUtils.pas"/>
<testcase name="03Mar2016" classname="03Mar2016" time="0.002617" file="UD_UDateTimeUtils.pas"/>
<testcase name="4aPr2016" classname="4aPr2016" time="0.00264" file="UD_UDateTimeUtils.pas"/>
<testcase name="05maY2016" classname="05maY2016" time="0.002664" file="UD_UDateTimeUtils.pas"/>
<testcase name="6JuN2016" classname="6JuN2016" time="0.002631" file="UD_UDateTimeUtils.pas"/>
<testcase name="07jul2016" classname="07jul2016" time="0.002592" file="UD_UDateTimeUtils.pas"/>
<testcase name="8aug2016" classname="8aug2016" time="0.00282" file="UD_UDateTimeUtils.pas"/>
<testcase name="09sep2016" classname="09sep2016" time="0.002586" file="UD_UDateTimeUtils.pas"/>
<testcase name="10oct2016" classname="10oct2016" time="0.002472" file="UD_UDateTimeUtils.pas"/>
<testcase name="11nov2016" classname="11nov2016" time="0.002574" file="UD_UDateTimeUtils.pas"/>
<testcase name="12dec2016" classname="12dec2016" time="0.002613" file="UD_UDateTimeUtils.pas"/>
<testcase name="01jan1000" classname="01jan1000" time="0.002616" file="UD_UDateTimeUtils.pas"/>
<testcase name="31dec2999" classname="31dec2999" time="0.002645" file="UD_UDateTimeUtils.pas"/>
<testcase name="French: 1jan2016" classname="French: 1jan2016" time="0.00261" file="UD_UDateTimeUtils.pas"/>
<testcase name="French: 21Fev2016" classname="French: 21Fev2016" time="0.002649" file="UD_UDateTimeUtils.pas"/>
<testcase name="French: 17mArS2016" classname="French: 17mArS2016" time="0.002637" file="UD_UDateTimeUtils.pas"/>
<testcase name="French: 5avr2016" classname="French: 5avr2016" time="0.002652" file="UD_UDateTimeUtils.pas"/>
<testcase name="French: 03mai2016" classname="French: 03mai2016" time="0.002744" file="UD_UDateTimeUtils.pas"/>
<testcase name="French: 24juin2016" classname="French: 24juin2016" time="0.002726" file="UD_UDateTimeUtils.pas"/>
<testcase name="French: 25jui2016" classname="French: 25jui2016" time="0.002629" file="UD_UDateTimeUtils.pas"/>
<testcase name="French: 28aout2016" classname="French: 28aout2016" time="0.00269" file="UD_UDateTimeUtils.pas"/>
<testcase name="French: 01sep2016" classname="French: 01sep2016" time="0.002618" file="UD_UDateTimeUtils.pas"/>
<testcase name="French: 22oct2016" classname="French: 22oct2016" time="0.002616" file="UD_UDateTimeUtils.pas"/>
<testcase name="French: 07nov2016" classname="French: 07nov2016" time="0.002702" file="UD_UDateTimeUtils.pas"/>
<testcase name="French: 31dec2016" classname="French: 31dec2016" time="0.002617" file="UD_UDateTimeUtils.pas"/>
<testcase name="Empty" classname="Empty" time="0.002668" file="UD_UDateTimeUtils.pas"/>
<testcase name="41jan2016" classname="41jan2016" time="0.002698" file="UD_UDateTimeUtils.pas"/>
<testcase name="01zzz2016" classname="01zzz2016" time="0.002635" file="UD_UDateTimeUtils.pas"/>
<testcase name="001nov2016" classname="001nov2016" time="0.002627" file="UD_UDateTimeUtils.pas"/>
<testcase name="01november2016" classname="01november2016" time="0.002751" file="UD_UDateTimeUtils.pas"/>
<testcase name="01nov20167" classname="01nov20167" time="0.002707" file="UD_UDateTimeUtils.pas"/>
<testcase name="31/01/2016 - ihdfNormal" classname="31/01/2016 - ihdfNormal" time="0.002642" file="UD_UDateTimeUtils.pas"/>
<testcase name="01/31/2016 - ihdfUS" classname="01/31/2016 - ihdfUS" time="0.002497" file="UD_UDateTimeUtils.pas"/>
<testcase name="jan 05 2016 - ihdfMMM_DD_YYYY" classname="jan 05 2016 - ihdfMMM_DD_YYYY" time="0.002442" file="UD_UDateTimeUtils.pas"/>
<testcase name="jan 05 2016 - ihdfMMM_DD_YYYY" classname="jan 05 2016 - ihdfMMM_DD_YYYY" time="0.00264" file="UD_UDateTimeUtils.pas"/>
<testcase name="20160106 - ihdfYYYYMMDD" classname="20160106 - ihdfYYYYMMDD" time="0.00265" file="UD_UDateTimeUtils.pas"/>
<testcase name="2016-01-06 - ihdfYYYY_MM_DD" classname="2016-01-06 - ihdfYYYY_MM_DD" time="0.002668" file="UD_UDateTimeUtils.pas"/>
</testsuite>
<testsuite name="IHTest.exe.Utils.UDateTimeUtils.Test_IsDateMatchToCurFormat.ihdfYYYYMMDD" tests="19" failures="0" errors="0" skipped="0" time="0.049031" timestamp="2025-02-16T14:06:17" package="IHTest.exe" id="18" hostname="caindvbuild01.well.local">
<testcase name="20160106" classname="20160106" time="0.004357" file="UD_UDateTimeUtils.pas"/>
<testcase name="20160131" classname="20160131" time="0.002474" file="UD_UDateTimeUtils.pas"/>
<testcase name="10000101" classname="10000101" time="0.002457" file="UD_UDateTimeUtils.pas"/>
<testcase name="29991231" classname="29991231" time="0.002532" file="UD_UDateTimeUtils.pas"/>
<testcase name="Empty" classname="Empty" time="0.002494" file="UD_UDateTimeUtils.pas"/>
<testcase name="20160145" classname="20160145" time="0.002502" file="UD_UDateTimeUtils.pas"/>
<testcase name="20163806" classname="20163806" time="0.002461" file="UD_UDateTimeUtils.pas"/>
<testcase name="0160601" classname="0160601" time="0.002501" file="UD_UDateTimeUtils.pas"/>
<testcase name="2016106" classname="2016106" time="0.002432" file="UD_UDateTimeUtils.pas"/>
<testcase name="2016016" classname="2016016" time="0.002501" file="UD_UDateTimeUtils.pas"/>
<testcase name="201606001" classname="201606001" time="0.002482" file="UD_UDateTimeUtils.pas"/>
<testcase name="201600601" classname="201600601" time="0.002418" file="UD_UDateTimeUtils.pas"/>
<testcase name="220160601" classname="220160601" time="0.002446" file="UD_UDateTimeUtils.pas"/>
<testcase name="31/01/2016 - ihdfNormal" classname="31/01/2016 - ihdfNormal" time="0.002342" file="UD_UDateTimeUtils.pas"/>
<testcase name="01/31/2016 - ihdfUS" classname="01/31/2016 - ihdfUS" time="0.002455" file="UD_UDateTimeUtils.pas"/>
<testcase name="06 jan 2016 - ihdfDD_MMM_YYYY" classname="06 jan 2016 - ihdfDD_MMM_YYYY" time="0.002545" file="UD_UDateTimeUtils.pas"/>
<testcase name="jan 05 2016 - ihdfMMM_DD_YYYY" classname="jan 05 2016 - ihdfMMM_DD_YYYY" time="0.002504" file="UD_UDateTimeUtils.pas"/>
<testcase name="05jan2016 - ihdfMMMDDYYYY" classname="05jan2016 - ihdfMMMDDYYYY" time="0.002364" file="UD_UDateTimeUtils.pas"/>
<testcase name="2016-01-06 - ihdfYYYY_MM_DD" classname="2016-01-06 - ihdfYYYY_MM_DD" time="0.002445" file="UD_UDateTimeUtils.pas"/>
</testsuite>
<testsuite name="IHTest.exe.Utils.UDateTimeUtils.Test_IsDateMatchToCurFormat.ihdfYYYY_MM_DD" tests="19" failures="0" errors="0" skipped="0" time="0.049307" timestamp="2025-02-16T14:06:17" package="IHTest.exe" id="19" hostname="caindvbuild01.well.local">
<testcase name="2016-01-06" classname="2016-01-06" time="0.004652" file="UD_UDateTimeUtils.pas"/>
<testcase name="2016-01-31" classname="2016-01-31" time="0.002239" file="UD_UDateTimeUtils.pas"/>
<testcase name="1000-01-01" classname="1000-01-01" time="0.00221" file="UD_UDateTimeUtils.pas"/>
<testcase name="2999-12-31" classname="2999-12-31" time="0.002652" file="UD_UDateTimeUtils.pas"/>
<testcase name="Empty" classname="Empty" time="0.002622" file="UD_UDateTimeUtils.pas"/>
<testcase name="2016-01-45" classname="2016-01-45" time="0.002512" file="UD_UDateTimeUtils.pas"/>
<testcase name="2016-38-06" classname="2016-38-06" time="0.002352" file="UD_UDateTimeUtils.pas"/>
<testcase name="2016-1-06" classname="2016-1-06" time="0.002364" file="UD_UDateTimeUtils.pas"/>
<testcase name="2016-01-6" classname="2016-01-6" time="0.002521" file="UD_UDateTimeUtils.pas"/>
<testcase name="016-01-06" classname="016-01-06" time="0.002577" file="UD_UDateTimeUtils.pas"/>
<testcase name="2016-06-001" classname="2016-06-001" time="0.002375" file="UD_UDateTimeUtils.pas"/>
<testcase name="2016-006-01" classname="2016-006-01" time="0.002624" file="UD_UDateTimeUtils.pas"/>
<testcase name="22016-06-01" classname="22016-06-01" time="0.002485" file="UD_UDateTimeUtils.pas"/>
<testcase name="31/01/2016 - ihdfNormal" classname="31/01/2016 - ihdfNormal" time="0.002428" file="UD_UDateTimeUtils.pas"/>
<testcase name="01/31/2016 - ihdfUS" classname="01/31/2016 - ihdfUS" time="0.002493" file="UD_UDateTimeUtils.pas"/>
<testcase name="06 jan 2016 - ihdfDD_MMM_YYYY" classname="06 jan 2016 - ihdfDD_MMM_YYYY" time="0.002533" file="UD_UDateTimeUtils.pas"/>
<testcase name="jan 05 2016 - ihdfMMM_DD_YYYY" classname="jan 05 2016 - ihdfMMM_DD_YYYY" time="0.002461" file="UD_UDateTimeUtils.pas"/>
<testcase name="05jan2016 - ihdfMMMDDYYYY" classname="05jan2016 - ihdfMMMDDYYYY" time="0.00251" file="UD_UDateTimeUtils.pas"/>
<testcase name="20160106 - ihdfYYYYMMDD" classname="20160106 - ihdfYYYYMMDD" time="0.002391" file="UD_UDateTimeUtils.pas"/>
</testsuite>
<testsuite name="IHTest.exe.Utils.UDateTimeUtils.Test_EqDateTimeWithoutSec" tests="7" failures="0" errors="0" skipped="0" time="0.020829" timestamp="2025-02-16T14:06:17" package="IHTest.exe" id="20" hostname="caindvbuild01.well.local">
<testcase name="Equal" classname="Equal" time="0.011043" file="UD_UDateTimeUtils.pas"/>
<testcase name="NotEqual" classname="NotEqual" time="0.000004" file="UD_UDateTimeUtils.pas"/>
<testcase name="Approx_Full_Full_Equal" classname="Approx_Full_Full_Equal" time="0.005254" file="UD_UDateTimeUtils.pas"/>
<testcase name="Approx_Full_Full_NotEqual" classname="Approx_Full_Full_NotEqual" time="0.000026" file="UD_UDateTimeUtils.pas"/>
<testcase name="Approx_Full_Other_Equal" classname="Approx_Full_Other_Equal" time="0.000002" file="UD_UDateTimeUtils.pas"/>
<testcase name="Approx_Full_Other_NotEqual" classname="Approx_Full_Other_NotEqual" time="0.004397" file="UD_UDateTimeUtils.pas"/>
<testcase name="Approx_Other_Equal" classname="Approx_Other_Equal" time="0.000002" file="UD_UDateTimeUtils.pas"/>
</testsuite>
<testsuite name="IHTest.exe.Utils.UDateTimeUtils.Test_EncodeDate2" tests="5" failures="0" errors="0" skipped="0" time="0.024962" timestamp="2025-02-16T14:06:17" package="IHTest.exe" id="21" hostname="caindvbuild01.well.local">
<testcase name="Valid_2024Mar04" classname="Valid_2024Mar04" time="0.01248" file="UD_UDateTimeUtils.pas"/>
<testcase name="Valid_2024Feb29" classname="Valid_2024Feb29" time="0.000013" file="UD_UDateTimeUtils.pas"/>
<testcase name="Invalid_2024Mar32" classname="Invalid_2024Mar32" time="0.004811" file="UD_UDateTimeUtils.pas"/>
<testcase name="Invalid_20231531" classname="Invalid_20231531" time="0.003696" file="UD_UDateTimeUtils.pas"/>
<testcase name="Invalid_2023Feb29" classname="Invalid_2023Feb29" time="0.00384" file="UD_UDateTimeUtils.pas"/>
</testsuite>
<testsuite name="IHTest.exe.Utils.UDateTimeUtils.Test_DeterminateIHDateFormat" tests="12" failures="0" errors="0" skipped="0" time="0.522939" timestamp="2025-02-16T14:06:17" package="IHTest.exe" id="22" hostname="caindvbuild01.well.local">
<testcase name="Check_Format_Uknown" classname="Check_Format_Uknown" time="0.099136" file="UD_UDateTimeUtils.pas"/>
<testcase name="Check_FormatDateStr_Uknown" classname="Check_FormatDateStr_Uknown" time="0.027235" file="UD_UDateTimeUtils.pas"/>
<testcase name="Check_Format_Today" classname="Check_Format_Today" time="0.002188" file="UD_UDateTimeUtils.pas"/>
<testcase name="Check_Format_Ambiguous" classname="Check_Format_Ambiguous" time="0.031528" file="UD_UDateTimeUtils.pas"/>
<testcase name="Check_FormatDateStr_Ambiguous" classname="Check_FormatDateStr_Ambiguous" time="0.019766" file="UD_UDateTimeUtils.pas"/>
<testcase name="Check_Format_ihdfNormal" classname="Check_Format_ihdfNormal" time="0.020008" file="UD_UDateTimeUtils.pas"/>
<testcase name="Check_Format_ihdfUS" classname="Check_Format_ihdfUS" time="0.01434" file="UD_UDateTimeUtils.pas"/>
<testcase name="Check_Format_ihdfDD_MMM_YYYY" classname="Check_Format_ihdfDD_MMM_YYYY" time="0.028259" file="UD_UDateTimeUtils.pas"/>
<testcase name="Check_Format_ihdfMMM_DD_YYYY" classname="Check_Format_ihdfMMM_DD_YYYY" time="0.037605" file="UD_UDateTimeUtils.pas"/>
<testcase name="Check_Format_ihdfDDMMMYYYY" classname="Check_Format_ihdfDDMMMYYYY" time="0.059791" file="UD_UDateTimeUtils.pas"/>
<testcase name="Check_Format_ihdfYYYYMMDD" classname="Check_Format_ihdfYYYYMMDD" time="0.102219" file="UD_UDateTimeUtils.pas"/>
<testcase name="Check_Format_ihdfYYYY_MM_DD" classname="Check_Format_ihdfYYYY_MM_DD" time="0.080601" file="UD_UDateTimeUtils.pas"/>
</testsuite>
<testsuite name="IHTest.exe.Utils.UDateTimeUtils.Test_UnknownIHDateTimeStrToDateTime" tests="5" failures="0" errors="0" skipped="0" time="0.290071" timestamp="2025-02-16T14:06:18" package="IHTest.exe" id="23" hostname="caindvbuild01.well.local">
<testcase name="Check_SplitToDateAndTimeParts" classname="Check_SplitToDateAndTimeParts" time="0.025698" file="UD_UDateTimeUtils.pas"/>
<testcase name="Wrong" classname="Wrong" time="0.051979" file="UD_UDateTimeUtils.pas"/>
<testcase name="Ambiguous" classname="Ambiguous" time="0.009847" file="UD_UDateTimeUtils.pas"/>
<testcase name="Check_Dates" classname="Check_Dates" time="0.112829" file="UD_UDateTimeUtils.pas"/>
<testcase name="Check_DateTimes" classname="Check_DateTimes" time="0.089577" file="UD_UDateTimeUtils.pas"/>
</testsuite>
<testsuite name="IHTest.exe.Utils.UApproximateDateParser.Test_ExtractApprxDateEx" tests="8" failures="0" errors="0" skipped="0" time="0.269294" timestamp="2025-02-16T14:06:18" package="IHTest.exe" id="24" hostname="caindvbuild01.well.local">
<testcase name="VerifyFormats" classname="VerifyFormats" time="0.000002" file="UD_UApproximateDateParser.pas"/>
<testcase name="Normal" classname="Normal" time="0.167397" file="UD_UApproximateDateParser.pas"/>
<testcase name="US" classname="US" time="0.001406" file="UD_UApproximateDateParser.pas"/>
<testcase name="DD_MMM_YYYY" classname="DD_MMM_YYYY" time="0.050482" file="UD_UApproximateDateParser.pas"/>
<testcase name="MMM_DD_YYYY" classname="MMM_DD_YYYY" time="0.002125" file="UD_UApproximateDateParser.pas"/>
<testcase name="DDMMMYYYY" classname="DDMMMYYYY" time="0.01483" file="UD_UApproximateDateParser.pas"/>
<testcase name="YYYYMMDD" classname="YYYYMMDD" time="0.025413" file="UD_UApproximateDateParser.pas"/>
<testcase name="YYYY_MM_DD" classname="YYYY_MM_DD" time="0.007475" file="UD_UApproximateDateParser.pas"/>
</testsuite>
<testsuite name="IHTest.exe.Utils.UApproximateDateParser.Test_ApproximateDateParser" tests="7" failures="0" errors="0" skipped="0" time="0.064741" timestamp="2025-02-16T14:06:18" package="IHTest.exe" id="25" hostname="caindvbuild01.well.local">
<testcase name="TryParseApproximateDateTime_1948" classname="TryParseApproximateDateTime_1948" time="0.026759" file="UD_UApproximateDateParser.pas"/>
<testcase name="TryParseApproximateDateTime_1948_11" classname="TryParseApproximateDateTime_1948_11" time="0.005326" file="UD_UApproximateDateParser.pas"/>
<testcase name="TryParseApproximateDateTime_Jun_1948" classname="TryParseApproximateDateTime_Jun_1948" time="0.000619" file="UD_UApproximateDateParser.pas"/>
<testcase name="TryParseApproximateDateTime_1948_11_25" classname="TryParseApproximateDateTime_1948_11_25" time="0.005159" file="UD_UApproximateDateParser.pas"/>
<testcase name="TryParseApproximateDateTime_1948_11_25_13_45" classname="TryParseApproximateDateTime_1948_11_25_13_45" time="0.025246" file="UD_UApproximateDateParser.pas"/>
<testcase name="TryParseApproximateDateTime_1948_11_25_13_45_27" classname="TryParseApproximateDateTime_1948_11_25_13_45_27" time="0.000199" file="UD_UApproximateDateParser.pas"/>
<testcase name="TryParseApproximateDateTime_1948_15" classname="TryParseApproximateDateTime_1948_15" time="0.001242" file="UD_UApproximateDateParser.pas"/>
</testsuite>
<testsuite name="IHTest.exe.Utils.TListEx.TTestTListEx" tests="6" failures="0" errors="0" skipped="0" time="0.026347" timestamp="2025-02-16T14:06:18" package="IHTest.exe" id="26" hostname="caindvbuild01.well.local">
<testcase name="TestDelete" classname="TestDelete" time="0.013599" file="UD_TListEx.pas"/>
<testcase name="TestClear" classname="TestClear" time="0.000007" file="UD_TListEx.pas"/>
<testcase name="TestRemove" classname="TestRemove" time="0.004627" file="UD_TListEx.pas"/>
<testcase name="TestFind" classname="TestFind" time="0.001322" file="UD_TListEx.pas"/>
<testcase name="TestFindItem" classname="TestFindItem" time="0.000005" file="UD_TListEx.pas"/>
<testcase name="TestAddItems" classname="TestAddItems" time="0.00668" file="UD_TListEx.pas"/>
</testsuite>
<testsuite name="IHTest.exe.Utils.Test IP ranges.TTestIpRanges" tests="8" failures="0" errors="0" skipped="0" time="0.139974" timestamp="2025-02-16T14:06:18" package="IHTest.exe" id="27" hostname="caindvbuild01.well.local">
<testcase name="CheckIP" classname="CheckIP" time="0.040352" file="UD_UIpWorks.pas"/>
<testcase name="CheckCompareIp" classname="CheckCompareIp" time="0.000015" file="UD_UIpWorks.pas"/>
<testcase name="CheckRange" classname="CheckRange" time="0.005558" file="UD_UIpWorks.pas"/>
<testcase name="CheckContains" classname="CheckContains" time="0.003513" file="UD_UIpWorks.pas"/>
<testcase name="CheckIpEquals" classname="CheckIpEquals" time="0.002616" file="UD_UIpWorks.pas"/>
<testcase name="CheckRangeIsAddress" classname="CheckRangeIsAddress" time="0.00924" file="UD_UIpWorks.pas"/>
<testcase name="CheckCompareRanges" classname="CheckCompareRanges" time="0.056782" file="UD_UIpWorks.pas"/>
<testcase name="CheckAsString" classname="CheckAsString" time="0.021733" file="UD_UIpWorks.pas"/>
</testsuite>
<testsuite name="IHTest.exe.Utils.TomUtils.TTestTomUtils" tests="6" failures="0" errors="0" skipped="0" time="2.055663" timestamp="2025-02-16T14:06:19" package="IHTest.exe" id="28" hostname="caindvbuild01.well.local">
<testcase name="TestIsWhiteSpace" classname="TestIsWhiteSpace" time="1.074398" file="UD_UTomUtils.pas"/>
<testcase name="TestIsRtfText" classname="TestIsRtfText" time="0.137821" file="UD_UTomUtils.pas"/>
<testcase name="TestRtf2Html" classname="TestRtf2Html" time="0.634748" file="UD_UTomUtils.pas"/>
<testcase name="TestRichEditContextData" classname="TestRichEditContextData" time="0.074922" file="UD_UTomUtils.pas"/>
<testcase name="TestReplaceProfileLinksToNative" classname="TestReplaceProfileLinksToNative" time="0.108486" file="UD_UTomUtils.pas"/>
<testcase name="TestReadOnlyBeginUpdate" classname="TestReadOnlyBeginUpdate" time="0.025118" file="UD_UTomUtils.pas"/>
</testsuite>
<testsuite name="IHTest.exe.Utils.TomUtils.TTestFindIterator" tests="10" failures="0" errors="0" skipped="0" time="0.109094" timestamp="2025-02-16T14:06:21" package="IHTest.exe" id="29" hostname="caindvbuild01.well.local">
<testcase name="TestEmptyRange" classname="TestEmptyRange" time="0.027624" file="UD_UTomUtils.pas"/>
<testcase name="TestNoPattern" classname="TestNoPattern" time="0.008223" file="UD_UTomUtils.pas"/>
<testcase name="TestPatternNotExists" classname="TestPatternNotExists" time="0.014361" file="UD_UTomUtils.pas"/>
<testcase name="TestWholePatternMatch" classname="TestWholePatternMatch" time="0.011204" file="UD_UTomUtils.pas"/>
<testcase name="TestPatternAtStart" classname="TestPatternAtStart" time="0.007817" file="UD_UTomUtils.pas"/>
<testcase name="TestPatternAtEnd" classname="TestPatternAtEnd" time="0.007831" file="UD_UTomUtils.pas"/>
<testcase name="TestPatternAtMiddle" classname="TestPatternAtMiddle" time="0.007842" file="UD_UTomUtils.pas"/>
<testcase name="TestMultiplePatternMatches" classname="TestMultiplePatternMatches" time="0.008059" file="UD_UTomUtils.pas"/>
<testcase name="TestMultipleSequentalPatternMatches" classname="TestMultipleSequentalPatternMatches" time="0.007894" file="UD_UTomUtils.pas"/>
<testcase name="TestTabPattern" classname="TestTabPattern" time="0.008009" file="UD_UTomUtils.pas"/>
</testsuite>
<testsuite name="IHTest.exe.Utils.UIPUtils.Test_IPAddressMatch" tests="11" failures="0" errors="0" skipped="0" time="0.208492" timestamp="2025-02-16T14:06:21" package="IHTest.exe" id="30" hostname="caindvbuild01.well.local">
<testcase name="IPv4" classname="IPv4" time="0.025014" file="UD_UIPUtils.pas"/>
<testcase name="IPv4CIDR" classname="IPv4CIDR" time="0.011583" file="UD_UIPUtils.pas"/>
<testcase name="IPv6" classname="IPv6" time="0.030764" file="UD_UIPUtils.pas"/>
<testcase name="IPv6CIDR" classname="IPv6CIDR" time="0.039307" file="UD_UIPUtils.pas"/>
<testcase name="IPv4Conversion" classname="IPv4Conversion" time="0.009699" file="UD_UIPUtils.pas"/>
<testcase name="IPv6Conversion" classname="IPv6Conversion" time="0.042798" file="UD_UIPUtils.pas"/>
<testcase name="IPv4Comparison" classname="IPv4Comparison" time="0.008888" file="UD_UIPUtils.pas"/>
<testcase name="IPv6Comparison" classname="IPv6Comparison" time="0.012875" file="UD_UIPUtils.pas"/>
<testcase name="IPv4Mask" classname="IPv4Mask" time="0.011619" file="UD_UIPUtils.pas"/>
<testcase name="IPv6Mask" classname="IPv6Mask" time="0.013261" file="UD_UIPUtils.pas"/>
<testcase name="IPv4toIPv6" classname="IPv4toIPv6" time="0.002426" file="UD_UIPUtils.pas"/>
</testsuite>
<testsuite name="IHTest.exe.Utils.TTest_BlobSearch" tests="8" failures="0" errors="0" skipped="0" time="0.057927" timestamp="2025-02-16T14:06:21" package="IHTest.exe" id="31" hostname="caindvbuild01.well.local">
<testcase name="EmptyBlobContains" classname="EmptyBlobContains" time="0.008901" file="UD_UKBlob.pas"/>
<testcase name="NonEmptyBlobContains" classname="NonEmptyBlobContains" time="0.000992" file="UD_UKBlob.pas"/>
<testcase name="EmptyBlobStartsWith" classname="EmptyBlobStartsWith" time="0.010667" file="UD_UKBlob.pas"/>
<testcase name="BlobStartsWith" classname="BlobStartsWith" time="0.002933" file="UD_UKBlob.pas"/>
<testcase name="EmptyBlobStartsWithI" classname="EmptyBlobStartsWithI" time="0.005613" file="UD_UKBlob.pas"/>
<testcase name="BlobStartsWithI" classname="BlobStartsWithI" time="0.015337" file="UD_UKBlob.pas"/>
<testcase name="EmptyBlobEndsWith" classname="EmptyBlobEndsWith" time="0.01039" file="UD_UKBlob.pas"/>
<testcase name="BlobEndsWith" classname="BlobEndsWith" time="0.002944" file="UD_UKBlob.pas"/>
</testsuite>
<testsuite name="IHTest.exe.Utils.TTest_TBlobStream" tests="2" failures="0" errors="0" skipped="0" time="0.032678" timestamp="2025-02-16T14:06:21" package="IHTest.exe" id="32" hostname="caindvbuild01.well.local">
<testcase name="Test" classname="Test" time="0.023751" file="UD_UKBlob.pas"/>
<testcase name="Test2" classname="Test2" time="0.008863" file="UD_UKBlob.pas"/>
</testsuite>
<testsuite name="IHTest.exe.Utils.TTest_TBlobBase64" tests="3" failures="0" errors="0" skipped="0" time="0.126191" timestamp="2025-02-16T14:06:21" package="IHTest.exe" id="33" hostname="caindvbuild01.well.local">
<testcase name="TestBase64" classname="TestBase64" time="0.123911" file="UD_UKBlob.pas"/>
<testcase name="TestBase64Decode" classname="TestBase64Decode" time="0.002168" file="UD_UKBlob.pas"/>
<testcase name="TestBase64Encode" classname="TestBase64Encode" time="0.00003" file="UD_UKBlob.pas"/>
</testsuite>
<testsuite name="IHTest.exe.Utils.TTest_TKBlobReaderHelper" tests="2" failures="0" errors="0" skipped="0" time="0.007989" timestamp="2025-02-16T14:06:21" package="IHTest.exe" id="34" hostname="caindvbuild01.well.local">
<testcase name="ReadEmpty" classname="ReadEmpty" time="0.007908" file="UD_UKBlob.pas"/>
<testcase name="ReadNonEmpty" classname="ReadNonEmpty" time="0.000017" file="UD_UKBlob.pas"/>
</testsuite>
<testsuite name="IHTest.exe.Utils.Test_MakeBlobFrom" tests="4" failures="0" errors="0" skipped="0" time="0.002152" timestamp="2025-02-16T14:06:21" package="IHTest.exe" id="35" hostname="caindvbuild01.well.local">
<testcase name="FromArray" classname="FromArray" time="0.000004" file="UD_UKBlob.pas"/>
<testcase name="FromArrayEmpty" classname="FromArrayEmpty" time="0.001062" file="UD_UKBlob.pas"/>
<testcase name="FromTBytes" classname="FromTBytes" time="0.000007" file="UD_UKBlob.pas"/>
<testcase name="FromTBytesEmpty" classname="FromTBytesEmpty" time="0.001018" file="UD_UKBlob.pas"/>
</testsuite>
<testsuite name="IHTest.exe.Utils.TTest_BlobUTF8" tests="3" failures="0" errors="0" skipped="0" time="0.15332" timestamp="2025-02-16T14:06:21" package="IHTest.exe" id="36" hostname="caindvbuild01.well.local">
<testcase name="UTF8Decode" classname="UTF8Decode" time="0.062898" file="UD_UKBlob.pas"/>
<testcase name="Test_DatabaseBlobWithBomToString" classname="Test_DatabaseBlobWithBomToString" time="0.038229" file="UD_UKBlob.pas"/>
<testcase name="Test_StringToDatabaseBlobWithBom" classname="Test_StringToDatabaseBlobWithBom" time="0.05209" file="UD_UKBlob.pas"/>
</testsuite>
<testsuite name="IHTest.exe.Utils.Test_BlobBuilder" tests="134" failures="0" errors="0" skipped="0" time="0.498419" timestamp="2025-02-16T14:06:21" package="IHTest.exe" id="37" hostname="caindvbuild01.well.local">
<testcase name="CheckTestHelper" classname="CheckTestHelper" time="0.000058" file="UD_UKBlob.BlobBuilder.pas"/>
<testcase name="CanCreate" classname="CanCreate" time="0.012962" file="UD_UKBlob.BlobBuilder.pas"/>
<testcase name="CanCreateFromEmptyBlob" classname="CanCreateFromEmptyBlob" time="0.019867" file="UD_UKBlob.BlobBuilder.pas"/>
<testcase name="CanCreateFromBlob" classname="CanCreateFromBlob" time="0.014587" file="UD_UKBlob.BlobBuilder.pas"/>
<testcase name="AppendByteToEmpty" classname="AppendByteToEmpty" time="0.00468" file="UD_UKBlob.BlobBuilder.pas"/>
<testcase name="AppendByte" classname="AppendByte" time="0.007379" file="UD_UKBlob.BlobBuilder.pas"/>
<testcase name="AppendBytesToEmpty" classname="AppendBytesToEmpty" time="0.003824" file="UD_UKBlob.BlobBuilder.pas"/>
<testcase name="AppendBytes" classname="AppendBytes" time="0.00103" file="UD_UKBlob.BlobBuilder.pas"/>
<testcase name="AppendEmptyBytes" classname="AppendEmptyBytes" time="0.001009" file="UD_UKBlob.BlobBuilder.pas"/>
<testcase name="AppendTBytesToEmpty" classname="AppendTBytesToEmpty" time="0.000019" file="UD_UKBlob.BlobBuilder.pas"/>
<testcase name="AppendTBytes" classname="AppendTBytes" time="0.000021" file="UD_UKBlob.BlobBuilder.pas"/>
<testcase name="AppendEmptyTBytes" classname="AppendEmptyTBytes" time="0.000018" file="UD_UKBlob.BlobBuilder.pas"/>
<testcase name="AppendBlobToEmpty" classname="AppendBlobToEmpty" time="0.000019" file="UD_UKBlob.BlobBuilder.pas"/>
<testcase name="AppendBlob" classname="AppendBlob" time="0.000021" file="UD_UKBlob.BlobBuilder.pas"/>
<testcase name="AppendEmptyBlob" classname="AppendEmptyBlob" time="0.000018" file="UD_UKBlob.BlobBuilder.pas"/>
<testcase name="AppendMemToEmpty" classname="AppendMemToEmpty" time="0.000016" file="UD_UKBlob.BlobBuilder.pas"/>
<testcase name="AppendMem" classname="AppendMem" time="0.000018" file="UD_UKBlob.BlobBuilder.pas"/>
<testcase name="AppendMemZeroCount" classname="AppendMemZeroCount" time="0.000017" file="UD_UKBlob.BlobBuilder.pas"/>
<testcase name="InsertByteToEmpty" classname="InsertByteToEmpty" time="0.007724" file="UD_UKBlob.BlobBuilder.pas"/>
<testcase name="InsertByteAtStart" classname="InsertByteAtStart" time="0.000024" file="UD_UKBlob.BlobBuilder.pas"/>
<testcase name="InsertByteAtMiddle" classname="InsertByteAtMiddle" time="0.00002" file="UD_UKBlob.BlobBuilder.pas"/>
<testcase name="InsertByteAtEnd" classname="InsertByteAtEnd" time="0.000019" file="UD_UKBlob.BlobBuilder.pas"/>
<testcase name="InsertByteWrongIndexNegative" classname="InsertByteWrongIndexNegative" time="0.005485" file="UD_UKBlob.BlobBuilder.pas"/>
<testcase name="InsertByteWrongIndexTooLarge" classname="InsertByteWrongIndexTooLarge" time="0.005363" file="UD_UKBlob.BlobBuilder.pas"/>
<testcase name="InsertBytesToEmpty" classname="InsertBytesToEmpty" time="0.013968" file="UD_UKBlob.BlobBuilder.pas"/>
<testcase name="InsertBytesAtStart" classname="InsertBytesAtStart" time="0.001199" file="UD_UKBlob.BlobBuilder.pas"/>
<testcase name="InsertNoBytesAtStart" classname="InsertNoBytesAtStart" time="0.001291" file="UD_UKBlob.BlobBuilder.pas"/>
<testcase name="InsertBytesAtMiddle" classname="InsertBytesAtMiddle" time="0.00002" file="UD_UKBlob.BlobBuilder.pas"/>
<testcase name="InsertNoBytesAtMiddle" classname="InsertNoBytesAtMiddle" time="0.000019" file="UD_UKBlob.BlobBuilder.pas"/>
<testcase name="InsertBytesAtEnd" classname="InsertBytesAtEnd" time="0.000019" file="UD_UKBlob.BlobBuilder.pas"/>
<testcase name="InsertNoBytesAtEnd" classname="InsertNoBytesAtEnd" time="0.000018" file="UD_UKBlob.BlobBuilder.pas"/>
<testcase name="InsertBytesWrongIndexNegative" classname="InsertBytesWrongIndexNegative" time="0.005769" file="UD_UKBlob.BlobBuilder.pas"/>
<testcase name="InsertNoBytesWrongIndexNegative" classname="InsertNoBytesWrongIndexNegative" time="0.004463" file="UD_UKBlob.BlobBuilder.pas"/>
<testcase name="InsertBytesWrongIndexTooLarge" classname="InsertBytesWrongIndexTooLarge" time="0.005494" file="UD_UKBlob.BlobBuilder.pas"/>
<testcase name="InsertNoBytesWrongIndexTooLarge" classname="InsertNoBytesWrongIndexTooLarge" time="0.004452" file="UD_UKBlob.BlobBuilder.pas"/>
<testcase name="InsertTBytesToEmpty" classname="InsertTBytesToEmpty" time="0.000024" file="UD_UKBlob.BlobBuilder.pas"/>
<testcase name="InsertTBytesAtStart" classname="InsertTBytesAtStart" time="0.000019" file="UD_UKBlob.BlobBuilder.pas"/>
<testcase name="InsertEmptyTBytesAtStart" classname="InsertEmptyTBytesAtStart" time="0.000017" file="UD_UKBlob.BlobBuilder.pas"/>
<testcase name="InsertTBytesAtMiddle" classname="InsertTBytesAtMiddle" time="0.000017" file="UD_UKBlob.BlobBuilder.pas"/>
<testcase name="InsertEmptyTBytesAtMiddle" classname="InsertEmptyTBytesAtMiddle" time="0.000017" file="UD_UKBlob.BlobBuilder.pas"/>
<testcase name="InsertTBytesAtEnd" classname="InsertTBytesAtEnd" time="0.000016" file="UD_UKBlob.BlobBuilder.pas"/>
<testcase name="InsertEmptyTBytesAtEnd" classname="InsertEmptyTBytesAtEnd" time="0.000016" file="UD_UKBlob.BlobBuilder.pas"/>
<testcase name="InsertTBytesWrongIndexNegative" classname="InsertTBytesWrongIndexNegative" time="0.004493" file="UD_UKBlob.BlobBuilder.pas"/>
<testcase name="InsertEmptyTBytesWrongIndexNegative" classname="InsertEmptyTBytesWrongIndexNegative" time="0.004313" file="UD_UKBlob.BlobBuilder.pas"/>
<testcase name="InsertTBytesWrongIndexTooLarge" classname="InsertTBytesWrongIndexTooLarge" time="0.004467" file="UD_UKBlob.BlobBuilder.pas"/>
<testcase name="InsertEmptyTBytesWrongIndexTooLarge" classname="InsertEmptyTBytesWrongIndexTooLarge" time="0.004539" file="UD_UKBlob.BlobBuilder.pas"/>
<testcase name="InsertBlobToEmpty" classname="InsertBlobToEmpty" time="0.003148" file="UD_UKBlob.BlobBuilder.pas"/>
<testcase name="InsertBlobAtStart" classname="InsertBlobAtStart" time="0.000033" file="UD_UKBlob.BlobBuilder.pas"/>
<testcase name="InsertEmptyBlobAtStart" classname="InsertEmptyBlobAtStart" time="0.000025" file="UD_UKBlob.BlobBuilder.pas"/>
<testcase name="InsertBlobAtMiddle" classname="InsertBlobAtMiddle" time="0.000027" file="UD_UKBlob.BlobBuilder.pas"/>
<testcase name="InsertEmptyBlobAtMiddle" classname="InsertEmptyBlobAtMiddle" time="0.000024" file="UD_UKBlob.BlobBuilder.pas"/>
<testcase name="InsertBlobAtEnd" classname="InsertBlobAtEnd" time="0.000026" file="UD_UKBlob.BlobBuilder.pas"/>
<testcase name="InsertEmptyBlobAtEnd" classname="InsertEmptyBlobAtEnd" time="0.000024" file="UD_UKBlob.BlobBuilder.pas"/>
<testcase name="InsertBlobWrongIndexNegative" classname="InsertBlobWrongIndexNegative" time="0.004333" file="UD_UKBlob.BlobBuilder.pas"/>
<testcase name="InsertEmptyBlobWrongIndexNegative" classname="InsertEmptyBlobWrongIndexNegative" time="0.004437" file="UD_UKBlob.BlobBuilder.pas"/>
<testcase name="InsertBlobWrongIndexTooLarge" classname="InsertBlobWrongIndexTooLarge" time="0.004537" file="UD_UKBlob.BlobBuilder.pas"/>
<testcase name="InsertEmptyBlobWrongIndexTooLarge" classname="InsertEmptyBlobWrongIndexTooLarge" time="0.004369" file="UD_UKBlob.BlobBuilder.pas"/>
<testcase name="InsertMemToEmpty" classname="InsertMemToEmpty" time="0.000025" file="UD_UKBlob.BlobBuilder.pas"/>
<testcase name="InsertMemAtStart" classname="InsertMemAtStart" time="0.000021" file="UD_UKBlob.BlobBuilder.pas"/>
<testcase name="InsertEmptyMemAtStart" classname="InsertEmptyMemAtStart" time="0.000018" file="UD_UKBlob.BlobBuilder.pas"/>
<testcase name="InsertMemAtMiddle" classname="InsertMemAtMiddle" time="0.000018" file="UD_UKBlob.BlobBuilder.pas"/>
<testcase name="InsertEmptyMemAtMiddle" classname="InsertEmptyMemAtMiddle" time="0.000018" file="UD_UKBlob.BlobBuilder.pas"/>
<testcase name="InsertMemAtEnd" classname="InsertMemAtEnd" time="0.000018" file="UD_UKBlob.BlobBuilder.pas"/>
<testcase name="InsertEmptyMemAtEnd" classname="InsertEmptyMemAtEnd" time="0.000017" file="UD_UKBlob.BlobBuilder.pas"/>
<testcase name="InsertMemWrongIndexNegative" classname="InsertMemWrongIndexNegative" time="0.004365" file="UD_UKBlob.BlobBuilder.pas"/>
<testcase name="InsertEmptyMemWrongIndexNegative" classname="InsertEmptyMemWrongIndexNegative" time="0.004352" file="UD_UKBlob.BlobBuilder.pas"/>
<testcase name="InsertMemWrongIndexTooLarge" classname="InsertMemWrongIndexTooLarge" time="0.004257" file="UD_UKBlob.BlobBuilder.pas"/>
<testcase name="InsertEmptyMemWrongIndexTooLarge" classname="InsertEmptyMemWrongIndexTooLarge" time="0.004329" file="UD_UKBlob.BlobBuilder.pas"/>
<testcase name="RemoveFromEmpty" classname="RemoveFromEmpty" time="0.010625" file="UD_UKBlob.BlobBuilder.pas"/>
<testcase name="RemoveNoBytesFromEmpty" classname="RemoveNoBytesFromEmpty" time="0.004444" file="UD_UKBlob.BlobBuilder.pas"/>
<testcase name="RemoveAtStart" classname="RemoveAtStart" time="0.012458" file="UD_UKBlob.BlobBuilder.pas"/>
<testcase name="RemoveNoBytesAtStart" classname="RemoveNoBytesAtStart" time="0.000023" file="UD_UKBlob.BlobBuilder.pas"/>
<testcase name="RemoveAtMiddle" classname="RemoveAtMiddle" time="0.000019" file="UD_UKBlob.BlobBuilder.pas"/>
<testcase name="RemoveNoBytesAtMiddle" classname="RemoveNoBytesAtMiddle" time="0.000018" file="UD_UKBlob.BlobBuilder.pas"/>
<testcase name="RemoveAtEnd" classname="RemoveAtEnd" time="0.004423" file="UD_UKBlob.BlobBuilder.pas"/>
<testcase name="RemoveNoBytesAtEnd" classname="RemoveNoBytesAtEnd" time="0.0045" file="UD_UKBlob.BlobBuilder.pas"/>
<testcase name="RemoveWrongIndexNegative" classname="RemoveWrongIndexNegative" time="0.005928" file="UD_UKBlob.BlobBuilder.pas"/>
<testcase name="RemoveNoBytesWrongIndexNegative" classname="RemoveNoBytesWrongIndexNegative" time="0.004425" file="UD_UKBlob.BlobBuilder.pas"/>
<testcase name="RemoveWrongIndexTooLarge" classname="RemoveWrongIndexTooLarge" time="0.004361" file="UD_UKBlob.BlobBuilder.pas"/>
<testcase name="RemoveWrongCountNegative" classname="RemoveWrongCountNegative" time="0.005344" file="UD_UKBlob.BlobBuilder.pas"/>
<testcase name="RemoveWrongCountTooMuch" classname="RemoveWrongCountTooMuch" time="0.004447" file="UD_UKBlob.BlobBuilder.pas"/>
<testcase name="ReplaceByteInEmpty" classname="ReplaceByteInEmpty" time="0.008896" file="UD_UKBlob.BlobBuilder.pas"/>
<testcase name="ReplaceByte" classname="ReplaceByte" time="0.006923" file="UD_UKBlob.BlobBuilder.pas"/>
<testcase name="ReplaceByteMulti" classname="ReplaceByteMulti" time="0.000022" file="UD_UKBlob.BlobBuilder.pas"/>
<testcase name="ReplaceByteNotExists" classname="ReplaceByteNotExists" time="0.000018" file="UD_UKBlob.BlobBuilder.pas"/>
<testcase name="ReplaceByteSubRange" classname="ReplaceByteSubRange" time="0.013914" file="UD_UKBlob.BlobBuilder.pas"/>
<testcase name="ReplaceByteSubRangeMulti" classname="ReplaceByteSubRangeMulti" time="0.000022" file="UD_UKBlob.BlobBuilder.pas"/>
<testcase name="ReplaceByteSubRangeWrongIndexNegative" classname="ReplaceByteSubRangeWrongIndexNegative" time="0.005484" file="UD_UKBlob.BlobBuilder.pas"/>
<testcase name="ReplaceByteSubRangeWrongIndexTooLarge" classname="ReplaceByteSubRangeWrongIndexTooLarge" time="0.004471" file="UD_UKBlob.BlobBuilder.pas"/>
<testcase name="ReplaceByteSubRangeWrongCountNegative" classname="ReplaceByteSubRangeWrongCountNegative" time="0.005448" file="UD_UKBlob.BlobBuilder.pas"/>
<testcase name="ReplaceByteSubRangeWrongCountTooMuch" classname="ReplaceByteSubRangeWrongCountTooMuch" time="0.004385" file="UD_UKBlob.BlobBuilder.pas"/>
<testcase name="ReplaceTBytesInEmpty" classname="ReplaceTBytesInEmpty" time="0.010653" file="UD_UKBlob.BlobBuilder.pas"/>
<testcase name="ReplaceTBytesNotExisting" classname="ReplaceTBytesNotExisting" time="0.013181" file="UD_UKBlob.BlobBuilder.pas"/>
<testcase name="ReplaceTBytesMulti" classname="ReplaceTBytesMulti" time="0.017608" file="UD_UKBlob.BlobBuilder.pas"/>
<testcase name="ReplaceTBytesSameSize" classname="ReplaceTBytesSameSize" time="0.001694" file="UD_UKBlob.BlobBuilder.pas"/>
<testcase name="ReplaceTBytesShrinkStart" classname="ReplaceTBytesShrinkStart" time="0.002001" file="UD_UKBlob.BlobBuilder.pas"/>
<testcase name="ReplaceTBytesShrinkMiddle" classname="ReplaceTBytesShrinkMiddle" time="0.000036" file="UD_UKBlob.BlobBuilder.pas"/>
<testcase name="ReplaceTBytesShrinkEnd" classname="ReplaceTBytesShrinkEnd" time="0.000032" file="UD_UKBlob.BlobBuilder.pas"/>
<testcase name="ReplaceTBytesShrinkAll" classname="ReplaceTBytesShrinkAll" time="0.00001" file="UD_UKBlob.BlobBuilder.pas"/>
<testcase name="ReplaceTBytesGrowStart" classname="ReplaceTBytesGrowStart" time="0.007757" file="UD_UKBlob.BlobBuilder.pas"/>
<testcase name="ReplaceTBytesGrowMiddle" classname="ReplaceTBytesGrowMiddle" time="0.000025" file="UD_UKBlob.BlobBuilder.pas"/>
<testcase name="ReplaceTBytesGrowEnd" classname="ReplaceTBytesGrowEnd" time="0.000021" file="UD_UKBlob.BlobBuilder.pas"/>
<testcase name="ReplaceTBytesSubRange" classname="ReplaceTBytesSubRange" time="0.007516" file="UD_UKBlob.BlobBuilder.pas"/>
<testcase name="ReplaceTBytesSubRangeMulti" classname="ReplaceTBytesSubRangeMulti" time="0.000025" file="UD_UKBlob.BlobBuilder.pas"/>
<testcase name="ReplaceTBytesSubRangeWrongIndexNegative" classname="ReplaceTBytesSubRangeWrongIndexNegative" time="0.005395" file="UD_UKBlob.BlobBuilder.pas"/>
<testcase name="ReplaceTBytesSubRangeWrongIndexTooLarge" classname="ReplaceTBytesSubRangeWrongIndexTooLarge" time="0.005217" file="UD_UKBlob.BlobBuilder.pas"/>
<testcase name="ReplaceTBytesSubRangeWrongCountNegative" classname="ReplaceTBytesSubRangeWrongCountNegative" time="0.005142" file="UD_UKBlob.BlobBuilder.pas"/>
<testcase name="ReplaceTBytesSubRangeWrongCountTooMuch" classname="ReplaceTBytesSubRangeWrongCountTooMuch" time="0.004436" file="UD_UKBlob.BlobBuilder.pas"/>
<testcase name="ReplaceNoRecursive" classname="ReplaceNoRecursive" time="0.000032" file="UD_UKBlob.BlobBuilder.pas"/>
<testcase name="Clear" classname="Clear" time="0.003994" file="UD_UKBlob.BlobBuilder.pas"/>
<testcase name="EnsureCapacity" classname="EnsureCapacity" time="0.006408" file="UD_UKBlob.BlobBuilder.pas"/>
<testcase name="CapacityAutoGrowing" classname="CapacityAutoGrowing" time="0.000008" file="UD_UKBlob.BlobBuilder.pas"/>
<testcase name="CapacityShrink" classname="CapacityShrink" time="0.015504" file="UD_UKBlob.BlobBuilder.pas"/>
<testcase name="CapacityZero" classname="CapacityZero" time="0.000007" file="UD_UKBlob.BlobBuilder.pas"/>
<testcase name="CapacityWrongNegative" classname="CapacityWrongNegative" time="0.004612" file="UD_UKBlob.BlobBuilder.pas"/>
<testcase name="MaxCapacity" classname="MaxCapacity" time="0.01178" file="UD_UKBlob.BlobBuilder.pas"/>
<testcase name="MaxCapacityPreventsAppendByte" classname="MaxCapacityPreventsAppendByte" time="0.00545" file="UD_UKBlob.BlobBuilder.pas"/>
<testcase name="MaxCapacityPreventsAppendBytes" classname="MaxCapacityPreventsAppendBytes" time="0.004554" file="UD_UKBlob.BlobBuilder.pas"/>
<testcase name="MaxCapacityPreventsAppendTBytes" classname="MaxCapacityPreventsAppendTBytes" time="0.004322" file="UD_UKBlob.BlobBuilder.pas"/>
<testcase name="MaxCapacityPreventsAppendBlob" classname="MaxCapacityPreventsAppendBlob" time="0.004301" file="UD_UKBlob.BlobBuilder.pas"/>
<testcase name="MaxCapacityPreventsAppendMem" classname="MaxCapacityPreventsAppendMem" time="0.004398" file="UD_UKBlob.BlobBuilder.pas"/>
<testcase name="MaxCapacityPreventsInsertByte" classname="MaxCapacityPreventsInsertByte" time="0.004469" file="UD_UKBlob.BlobBuilder.pas"/>
<testcase name="MaxCapacityPreventsInsertBytes" classname="MaxCapacityPreventsInsertBytes" time="0.004407" file="UD_UKBlob.BlobBuilder.pas"/>
<testcase name="MaxCapacityPreventsInsertTBytes" classname="MaxCapacityPreventsInsertTBytes" time="0.004452" file="UD_UKBlob.BlobBuilder.pas"/>
<testcase name="MaxCapacityPreventsInsertBlob" classname="MaxCapacityPreventsInsertBlob" time="0.004433" file="UD_UKBlob.BlobBuilder.pas"/>
<testcase name="MaxCapacityPreventsInsertMem" classname="MaxCapacityPreventsInsertMem" time="0.004348" file="UD_UKBlob.BlobBuilder.pas"/>
<testcase name="MaxCapacityPreventsReplaceGrow" classname="MaxCapacityPreventsReplaceGrow" time="0.004453" file="UD_UKBlob.BlobBuilder.pas"/>
<testcase name="MaxCapacityPreventsReplaceSubRangeGrow" classname="MaxCapacityPreventsReplaceSubRangeGrow" time="0.004532" file="UD_UKBlob.BlobBuilder.pas"/>
<testcase name="Bytes" classname="Bytes" time="0.006079" file="UD_UKBlob.BlobBuilder.pas"/>
<testcase name="BytesWrongIndexNegative" classname="BytesWrongIndexNegative" time="0.005299" file="UD_UKBlob.BlobBuilder.pas"/>
<testcase name="BytesWrongIndexTooLarge" classname="BytesWrongIndexTooLarge" time="0.004681" file="UD_UKBlob.BlobBuilder.pas"/>
<testcase name="IndexOfWithinEmpty" classname="IndexOfWithinEmpty" time="0.004895" file="UD_UKBlob.BlobBuilder.pas"/>
<testcase name="IndexOf" classname="IndexOf" time="0.005378" file="UD_UKBlob.BlobBuilder.pas"/>
<testcase name="IndexOfNegativeStartIdx" classname="IndexOfNegativeStartIdx" time="0.005388" file="UD_UKBlob.BlobBuilder.pas"/>
</testsuite>
<testsuite name="IHTest.exe.Utils.Xml.Test_XmlBuilder" tests="5" failures="0" errors="0" skipped="0" time="0.243039" timestamp="2025-02-16T14:06:22" package="IHTest.exe" id="38" hostname="caindvbuild01.well.local">
<testcase name="XmlWriterSpecialSymbols" classname="XmlWriterSpecialSymbols" time="0.159264" file="UD_UKXml2.pas"/>
<testcase name="XmlWriterCrLf" classname="XmlWriterCrLf" time="0.033724" file="UD_UKXml2.pas"/>
<testcase name="XmlWriterUtf8OutputEncoding" classname="XmlWriterUtf8OutputEncoding" time="0.003526" file="UD_UKXml2.pas"/>
<testcase name="WriteNationalChar" classname="WriteNationalChar" time="0.000211" file="UD_UKXml2.pas"/>
<testcase name="Test_TKDomXmlElement" classname="Test_TKDomXmlElement" time="0.04619" file="UD_UKXml2.pas"/>
</testsuite>
<testsuite name="IHTest.exe.Utils.Xml.Test_XmlConverter" tests="2" failures="0" errors="0" skipped="0" time="0.121782" timestamp="2025-02-16T14:06:22" package="IHTest.exe" id="39" hostname="caindvbuild01.well.local">
<testcase name="Test_DateTime" classname="Test_DateTime" time="0.111374" file="UD_UBCDO_FormHost.pas"/>
<testcase name="Test_Bool" classname="Test_Bool" time="0.010329" file="UD_UBCDO_FormHost.pas"/>
</testsuite>
<testsuite name="IHTest.exe.Utils.UUtils.Test_UUtils" tests="38" failures="0" errors="0" skipped="0" time="0.706459" timestamp="2025-02-16T14:06:22" package="IHTest.exe" id="40" hostname="caindvbuild01.well.local">
<testcase name="Test_IntPower" classname="Test_IntPower" time="0.000027" file="UD_UUtils.pas"/>
<testcase name="Test_RoundEx" classname="Test_RoundEx" time="0.002912" file="UD_UUtils.pas"/>
<testcase name="Test_SearchUC" classname="Test_SearchUC" time="0.008001" file="UD_UUtils.pas"/>
<testcase name="Test_SimpleEncryptIntToString" classname="Test_SimpleEncryptIntToString" time="0.055647" file="UD_UUtils.pas"/>
<testcase name="Test_ModifyCodeToResolveDuplicate" classname="Test_ModifyCodeToResolveDuplicate" time="0.037128" file="UD_UUtils.pas"/>
<testcase name="Test_FloatToStrEx" classname="Test_FloatToStrEx" time="0.021637" file="UD_UUtils.pas"/>
<testcase name="Test_StrPlural" classname="Test_StrPlural" time="0.062201" file="UD_UUtils.pas"/>
<testcase name="Test_DateDifferenceToStr" classname="Test_DateDifferenceToStr" time="0.029493" file="UD_UUtils.pas"/>
<testcase name="Test_StrReplace" classname="Test_StrReplace" time="0.012156" file="UD_UUtils.pas"/>
<testcase name="Test_GetTickDiff" classname="Test_GetTickDiff" time="0.000016" file="UD_UUtils.pas"/>
<testcase name="Test_Milliseconds" classname="Test_Milliseconds" time="0.002864" file="UD_UUtils.pas"/>
<testcase name="Test_7BE" classname="Test_7BE" time="0.133605" file="UD_UUtils.pas"/>
<testcase name="Test_MemStream" classname="Test_MemStream" time="0.027426" file="UD_UUtils.pas"/>
<testcase name="Test_CompareIntegerDynArray" classname="Test_CompareIntegerDynArray" time="0.00876" file="UD_UUtils.pas"/>
<testcase name="Test_IntegerDynArrayStartsWith" classname="Test_IntegerDynArrayStartsWith" time="0.008525" file="UD_UUtils.pas"/>
<testcase name="Test_ParseFromPlainText" classname="Test_ParseFromPlainText" time="0.010389" file="UD_UUtils.pas"/>
<testcase name="Test_ParseToPlainText" classname="Test_ParseToPlainText" time="0.019925" file="UD_UUtils.pas"/>
<testcase name="Test_StringReplace2" classname="Test_StringReplace2" time="0.000061" file="UD_UUtils.pas"/>
<testcase name="Test_ObjectRef" classname="Test_ObjectRef" time="0.007655" file="UD_UUtils.pas"/>
<testcase name="Test_IndexOf" classname="Test_IndexOf" time="0.005643" file="UD_UUtils.pas"/>
<testcase name="Test_SplitStringToArray" classname="Test_SplitStringToArray" time="0.019361" file="UD_UUtils.pas"/>
<testcase name="Test_PosEx" classname="Test_PosEx" time="0.000169" file="UD_UUtils.pas"/>
<testcase name="Test_PosExI" classname="Test_PosExI" time="0.000358" file="UD_UUtils.pas"/>
<testcase name="Test_IsSeparateGuid" classname="Test_IsSeparateGuid" time="0.024848" file="UD_UUtils.pas"/>
<testcase name="Test_CheckStringAsName" classname="Test_CheckStringAsName" time="0.006633" file="UD_UUtils.pas"/>
<testcase name="Test_ConcatStr" classname="Test_ConcatStr" time="0.002884" file="UD_UUtils.pas"/>
<testcase name="Test_ConcatIntStr" classname="Test_ConcatIntStr" time="0.010018" file="UD_UUtils.pas"/>
<testcase name="Test_ReadWriteStrStoredStream" classname="Test_ReadWriteStrStoredStream" time="0.019955" file="UD_UUtils.pas"/>
<testcase name="Test_AnsiStream_ReturnLine" classname="Test_AnsiStream_ReturnLine" time="0.014016" file="UD_UUtils.pas"/>
<testcase name="Test_AnsiStream_SeekTo" classname="Test_AnsiStream_SeekTo" time="0.011402" file="UD_UUtils.pas"/>
<testcase name="Test_AnsiStream_WriteTextAndLine" classname="Test_AnsiStream_WriteTextAndLine" time="0.00691" file="UD_UUtils.pas"/>
<testcase name="Test_PosAnyOf" classname="Test_PosAnyOf" time="0.020459" file="UD_UUtils.pas"/>
<testcase name="Test_ArrayOfConstToStringArray" classname="Test_ArrayOfConstToStringArray" time="0.022533" file="UD_UUtils.pas"/>
<testcase name="Test_ConcatBytes" classname="Test_ConcatBytes" time="0.014465" file="UD_UUtils.pas"/>
[...]
<testcase name="Normal_NoPregnancies" classname="Normal_NoPregnancies" time="0.010279" file="UD_UBObstetricClientUtils.pas"/>
<testcase name="Normal_CurrentPregnancyNotExists" classname="Normal_CurrentPregnancyNotExists" time="0.007516" file="UD_UBObstetricClientUtils.pas"/>
<testcase name="Normal_CurrentPregnancyExists" classname="Normal_CurrentPregnancyExists" time="0.000051" file="UD_UBObstetricClientUtils.pas"/>
<testcase name="Normal_SeveralCurrentPregnancies1" classname="Normal_SeveralCurrentPregnancies1" time="0.000041" file="UD_UBObstetricClientUtils.pas"/>
<testcase name="Normal_SeveralCurrentPregnancies2" classname="Normal_SeveralCurrentPregnancies2" time="0.000039" file="UD_UBObstetricClientUtils.pas"/>
<testcase name="InconsistentData1" classname="InconsistentData1" time="0.000039" file="UD_UBObstetricClientUtils.pas"/>
<testcase name="InconsistentData2" classname="InconsistentData2" time="0.000012" file="UD_UBObstetricClientUtils.pas"/>
<testcase name="InconsistentData3" classname="InconsistentData3" time="0.000038" file="UD_UBObstetricClientUtils.pas"/>
</testsuite>
<testsuite name="IHTest.exe.UBObstetricClientUtils.Test_GetPregnancyInfoByPregnancyId" tests="4" failures="0" errors="0" skipped="0" time="0.002217" timestamp="2025-02-16T14:08:34" package="IHTest.exe" id="596" hostname="caindvbuild01.well.local">
<testcase name="Normal" classname="Normal" time="0.002114" file="UD_UBObstetricClientUtils.pas"/>
<testcase name="PregnanciesNil" classname="PregnanciesNil" time="0.000001" file="UD_UBObstetricClientUtils.pas"/>
<testcase name="PregnanciesEmpty" classname="PregnanciesEmpty" time="0.000005" file="UD_UBObstetricClientUtils.pas"/>
<testcase name="PregnanciesWithDuplicatePregnancyId" classname="PregnanciesWithDuplicatePregnancyId" time="0.000035" file="UD_UBObstetricClientUtils.pas"/>
</testsuite>
<testsuite name="IHTest.exe.UBObstetricClientUtils.Test_GetLastPregnancyInfo" tests="8" failures="0" errors="0" skipped="0" time="0.02985" timestamp="2025-02-16T14:08:34" package="IHTest.exe" id="597" hostname="caindvbuild01.well.local">
<testcase name="Normal" classname="Normal" time="0.027964" file="UD_UBObstetricClientUtils.pas"/>
<testcase name="NoIsCurrent" classname="NoIsCurrent" time="0.000061" file="UD_UBObstetricClientUtils.pas"/>
<testcase name="SeveralIsCurrent" classname="SeveralIsCurrent" time="0.001012" file="UD_UBObstetricClientUtils.pas"/>
<testcase name="DuplicateDate1" classname="DuplicateDate1" time="0.000051" file="UD_UBObstetricClientUtils.pas"/>
<testcase name="DuplicateDate2" classname="DuplicateDate2" time="0.000062" file="UD_UBObstetricClientUtils.pas"/>
<testcase name="DuplicateDate3" classname="DuplicateDate3" time="0.000058" file="UD_UBObstetricClientUtils.pas"/>
<testcase name="PregnanciesNil" classname="PregnanciesNil" time="0.000519" file="UD_UBObstetricClientUtils.pas"/>
<testcase name="PregnanciesEmpty" classname="PregnanciesEmpty" time="0.000006" file="UD_UBObstetricClientUtils.pas"/>
</testsuite>
<testsuite name="IHTest.exe.UBObstetricUtils.Test_SortPregnancyInfoCollectionByStatusAndDateAsc" tests="7" failures="0" errors="0" skipped="0" time="0.008631" timestamp="2025-02-16T14:08:34" package="IHTest.exe" id="598" hostname="caindvbuild01.well.local">
<testcase name="OrderItems_Normal" classname="OrderItems_Normal" time="0.008097" file="UD_UBObstetricUtils.pas"/>
<testcase name="OrderItems_NoIsCurrent" classname="OrderItems_NoIsCurrent" time="0.000079" file="UD_UBObstetricUtils.pas"/>
<testcase name="OrderItems_SeveralIsCurrent" classname="OrderItems_SeveralIsCurrent" time="0.000067" file="UD_UBObstetricUtils.pas"/>
<testcase name="OrderItems_DuplicateDate1" classname="OrderItems_DuplicateDate1" time="0.000064" file="UD_UBObstetricUtils.pas"/>
<testcase name="OrderItems_DuplicateDate2" classname="OrderItems_DuplicateDate2" time="0.000063" file="UD_UBObstetricUtils.pas"/>
<testcase name="OrderItems_DuplicateDate3" classname="OrderItems_DuplicateDate3" time="0.000083" file="UD_UBObstetricUtils.pas"/>
<testcase name="OrderItems_DuplicateDate4" classname="OrderItems_DuplicateDate4" time="0.000078" file="UD_UBObstetricUtils.pas"/>
</testsuite>
<testsuite name="IHTest.exe.UBObstetricUtils.Test_SortPregnancyInfoCollectionByStatusAndDateDesc" tests="7" failures="0" errors="0" skipped="0" time="0.000542" timestamp="2025-02-16T14:08:34" package="IHTest.exe" id="599" hostname="caindvbuild01.well.local">
<testcase name="OrderItems_Normal" classname="OrderItems_Normal" time="0.000057" file="UD_UBObstetricUtils.pas"/>
<testcase name="OrderItems_NoIsCurrent" classname="OrderItems_NoIsCurrent" time="0.000064" file="UD_UBObstetricUtils.pas"/>
<testcase name="OrderItems_SeveralIsCurrent" classname="OrderItems_SeveralIsCurrent" time="0.000063" file="UD_UBObstetricUtils.pas"/>
<testcase name="OrderItems_DuplicateDate1" classname="OrderItems_DuplicateDate1" time="0.000062" file="UD_UBObstetricUtils.pas"/>
<testcase name="OrderItems_DuplicateDate2" classname="OrderItems_DuplicateDate2" time="0.000062" file="UD_UBObstetricUtils.pas"/>
<testcase name="OrderItems_DuplicateDate3" classname="OrderItems_DuplicateDate3" time="0.000081" file="UD_UBObstetricUtils.pas"/>
<testcase name="OrderItems_DuplicateDate4" classname="OrderItems_DuplicateDate4" time="0.000078" file="UD_UBObstetricUtils.pas"/>
</testsuite>
<testsuite name="IHTest.exe.UBAdditionalTask.Test_NeedSplitTaskRequestByHoder" tests="3" failures="0" errors="0" skipped="0" time="0.010682" timestamp="2025-02-16T14:08:34" package="IHTest.exe" id="600" hostname="caindvbuild01.well.local">
<testcase name="SplitMeAndMyGroups" classname="SplitMeAndMyGroups" time="0.008028" file="UD_UBAdditionalTask.pas"/>
<testcase name="SplitMeAndGroup" classname="SplitMeAndGroup" time="0.002574" file="UD_UBAdditionalTask.pas"/>
<testcase name="NotSplittedTypes" classname="NotSplittedTypes" time="0.000002" file="UD_UBAdditionalTask.pas"/>
</testsuite>
<testsuite name="IHTest.exe.UBTaskShare.Test_CrossPartitionSharingTasksAllowed" tests="4" failures="0" errors="0" skipped="0" time="0.935004" timestamp="2025-02-16T14:08:34" package="IHTest.exe" id="601" hostname="caindvbuild01.well.local">
<testcase name="Allowed" classname="Allowed" time="0.233773" file="UD_UBTaskShare.pas"/>
<testcase name="NotAllowed_By_AllowTasksAcrossIHN" classname="NotAllowed_By_AllowTasksAcrossIHN" time="0.226969" file="UD_UBTaskShare.pas"/>
<testcase name="NotAllowed_By_CrossPartitionSharingTasks" classname="NotAllowed_By_CrossPartitionSharingTasks" time="0.232465" file="UD_UBTaskShare.pas"/>
<testcase name="NotAllowed_By_IsAspMode" classname="NotAllowed_By_IsAspMode" time="0.241669" file="UD_UBTaskShare.pas"/>
</testsuite>
<testsuite name="IHTest.exe.EditEncounter.Test_EncounterRecipientHelper" tests="5" failures="0" errors="0" skipped="0" time="0.047787" timestamp="2025-02-16T14:08:35" package="IHTest.exe" id="602" hostname="caindvbuild01.well.local">
<testcase name="GetRecipientsSet_Empty" classname="GetRecipientsSet_Empty" time="0.003012" file="UD_UIEditEncounterUtils.pas"/>
<testcase name="GetRecipientsSet_Empty2" classname="GetRecipientsSet_Empty2" time="0.009493" file="UD_UIEditEncounterUtils.pas"/>
<testcase name="GetRecipientsSet_WithoutInternetFaxing" classname="GetRecipientsSet_WithoutInternetFaxing" time="0.017243" file="UD_UIEditEncounterUtils.pas"/>
<testcase name="GetRecipientsSet_WithInternetFaxing" classname="GetRecipientsSet_WithInternetFaxing" time="0.015602" file="UD_UIEditEncounterUtils.pas"/>
<testcase name="GetRecipientsSet_WithPrint" classname="GetRecipientsSet_WithPrint" time="0.002328" file="UD_UIEditEncounterUtils.pas"/>
</testsuite>
<testsuite name="IHTest.exe.UIPDFExportEMRForm.Test_PDFExportEMRForm_CommonMethods" tests="6" failures="0" errors="0" skipped="0" time="0.028177" timestamp="2025-02-16T14:08:35" package="IHTest.exe" id="603" hostname="caindvbuild01.well.local">
<testcase name="CalcPatientFolderName" classname="CalcPatientFolderName" time="0.012021" file="UD_UIPDFExportEMRForm.pas"/>
<testcase name="DoCalcPatientValues" classname="DoCalcPatientValues" time="0.00011" file="UD_UIPDFExportEMRForm.pas"/>
<testcase name="FindDocument" classname="FindDocument" time="0.004119" file="UD_UIPDFExportEMRForm.pas"/>
<testcase name="GetLongestFileNameShortSample" classname="GetLongestFileNameShortSample" time="0.007222" file="UD_UIPDFExportEMRForm.pas"/>
<testcase name="NormalizeFileName" classname="NormalizeFileName" time="0.000457" file="UD_UIPDFExportEMRForm.pas"/>
<testcase name="NormalizePath" classname="NormalizePath" time="0.004128" file="UD_UIPDFExportEMRForm.pas"/>
</testsuite>
<testsuite name="IHTest.exe.UBCDOStrings.Test_IsCommentTerm" tests="15" failures="0" errors="0" skipped="0" time="0.03733" timestamp="2025-02-16T14:08:35" package="IHTest.exe" id="604" hostname="caindvbuild01.well.local">
<testcase name="CheckCommentNumericTermRegexPatterns" classname="CheckCommentNumericTermRegexPatterns" time="0.014948" file="UD_UBCDOStrings.pas"/>
<testcase name="KnownCommentTerm" classname="KnownCommentTerm" time="0.006041" file="UD_UBCDOStrings.pas"/>
<testcase name="KnownCommentTermLowerCase" classname="KnownCommentTermLowerCase" time="0.012704" file="UD_UBCDOStrings.pas"/>
<testcase name="KnownCommentTerm_Term_ABC" classname="KnownCommentTerm_Term_ABC" time="0.000137" file="UD_UBCDOStrings.pas"/>
<testcase name="KnownCommentTerm_ABC_Term" classname="KnownCommentTerm_ABC_Term" time="0.000109" file="UD_UBCDOStrings.pas"/>
<testcase name="KnownCommentTerm_Term_Number" classname="KnownCommentTerm_Term_Number" time="0.000108" file="UD_UBCDOStrings.pas"/>
<testcase name="KnownCommentNumericTerm_1Digit" classname="KnownCommentNumericTerm_1Digit" time="0.002196" file="UD_UBCDOStrings.pas"/>
<testcase name="KnownCommentNumericTerm_2Digits" classname="KnownCommentNumericTerm_2Digits" time="0.000118" file="UD_UBCDOStrings.pas"/>
<testcase name="KnownCommentNumericTerm_3Digits" classname="KnownCommentNumericTerm_3Digits" time="0.000091" file="UD_UBCDOStrings.pas"/>
<testcase name="KnownCommentNumericTerm_4Digits" classname="KnownCommentNumericTerm_4Digits" time="0.000113" file="UD_UBCDOStrings.pas"/>
<testcase name="KnownCommentNumericTermLowerCase" classname="KnownCommentNumericTermLowerCase" time="0.000113" file="UD_UBCDOStrings.pas"/>
<testcase name="KnownCommentNumericTerm_Term_Number" classname="KnownCommentNumericTerm_Term_Number" time="0.000112" file="UD_UBCDOStrings.pas"/>
<testcase name="KnownCommentNumericTerm_Term_ABC" classname="KnownCommentNumericTerm_Term_ABC" time="0.000112" file="UD_UBCDOStrings.pas"/>
<testcase name="KnownCommentNumericTerm_ABC_Term" classname="KnownCommentNumericTerm_ABC_Term" time="0.000114" file="UD_UBCDOStrings.pas"/>
<testcase name="UnknownCommentTerm" classname="UnknownCommentTerm" time="0.000126" file="UD_UBCDOStrings.pas"/>
</testsuite>
<testsuite name="IHTest.exe.UBBulkBillerService.Test_TGMSCodeCalculator_CalcAgeKind" tests="8" failures="0" errors="0" skipped="0" time="0.903548" timestamp="2025-02-16T14:08:35" package="IHTest.exe" id="605" hostname="caindvbuild01.well.local">
<testcase name="Age_65" classname="Age_65" time="0.136146" file="UD_UBBulkBillerService.pas"/>
<testcase name="Age_25" classname="Age_25" time="0.114232" file="UD_UBBulkBillerService.pas"/>
<testcase name="Age_18" classname="Age_18" time="0.112024" file="UD_UBBulkBillerService.pas"/>
<testcase name="Age_17_adult17" classname="Age_17_adult17" time="0.12087" file="UD_UBBulkBillerService.pas"/>
<testcase name="Age_17_adult18" classname="Age_17_adult18" time="0.106029" file="UD_UBBulkBillerService.pas"/>
<testcase name="Age_14_juvenile_default" classname="Age_14_juvenile_default" time="0.10199" file="UD_UBBulkBillerService.pas"/>
<testcase name="Age_16_juvenile_16" classname="Age_16_juvenile_16" time="0.108714" file="UD_UBBulkBillerService.pas"/>
<testcase name="Age_12_juvenile_12" classname="Age_12_juvenile_12" time="0.10331" file="UD_UBBulkBillerService.pas"/>
</testsuite>
<testsuite name="IHTest.exe.UBBulkBillerService.Test_TGMSCodeCalculator_PatientIsEligibleForFunding" tests="12" failures="0" errors="0" skipped="0" time="3.6929" timestamp="2025-02-16T14:08:36" package="IHTest.exe" id="606" hostname="caindvbuild01.well.local">
<testcase name="NoCards" classname="NoCards" time="0.33583" file="UD_UBBulkBillerService.pas"/>
<testcase name="NoCards_IsResident" classname="NoCards_IsResident" time="0.300451" file="UD_UBBulkBillerService.pas"/>
<testcase name="NoCards_EligibleForFunding" classname="NoCards_EligibleForFunding" time="0.298173" file="UD_UBBulkBillerService.pas"/>
<testcase name="NoCards_IsResident_EligibleForFunding" classname="NoCards_IsResident_EligibleForFunding" time="0.312263" file="UD_UBBulkBillerService.pas"/>
<testcase name="CSC" classname="CSC" time="0.312267" file="UD_UBBulkBillerService.pas"/>
<testcase name="CSC_IsResident" classname="CSC_IsResident" time="0.314419" file="UD_UBBulkBillerService.pas"/>
<testcase name="CSC_EligibleForFunding" classname="CSC_EligibleForFunding" time="0.328081" file="UD_UBBulkBillerService.pas"/>
<testcase name="CSC_IsResident_EligibleForFunding" classname="CSC_IsResident_EligibleForFunding" time="0.316141" file="UD_UBBulkBillerService.pas"/>
<testcase name="HUC" classname="HUC" time="0.315109" file="UD_UBBulkBillerService.pas"/>
<testcase name="HUC_IsResident" classname="HUC_IsResident" time="0.292284" file="UD_UBBulkBillerService.pas"/>
<testcase name="HUC_EligibleForFunding" classname="HUC_EligibleForFunding" time="0.282732" file="UD_UBBulkBillerService.pas"/>
<testcase name="HUC_IsResident_EligibleForFunding" classname="HUC_IsResident_EligibleForFunding" time="0.284815" file="UD_UBBulkBillerService.pas"/>
</testsuite>
<testsuite name="IHTest.exe.UBBulkBillerService.Test_TGMSCodeCalculator_GuessGMSCodeImpl_ApprovedPrescriber" tests="16" failures="0" errors="0" skipped="0" time="6.168591" timestamp="2025-02-16T14:08:39" package="IHTest.exe" id="607" hostname="caindvbuild01.well.local">
<testcase name="Youth" classname="Youth" time="0.414237" file="UD_UBBulkBillerService.pas"/>
<testcase name="Junior" classname="Junior" time="0.378663" file="UD_UBBulkBillerService.pas"/>
<testcase name="Adult" classname="Adult" time="0.379831" file="UD_UBBulkBillerService.pas"/>
<testcase name="Senior" classname="Senior" time="0.388801" file="UD_UBBulkBillerService.pas"/>
<testcase name="Youth_CSC" classname="Youth_CSC" time="0.389053" file="UD_UBBulkBillerService.pas"/>
<testcase name="Junior_CSC" classname="Junior_CSC" time="0.381128" file="UD_UBBulkBillerService.pas"/>
<testcase name="Adult_CSC" classname="Adult_CSC" time="0.387287" file="UD_UBBulkBillerService.pas"/>
<testcase name="Senior_CSC" classname="Senior_CSC" time="0.382147" file="UD_UBBulkBillerService.pas"/>
<testcase name="Youth_HUC" classname="Youth_HUC" time="0.384084" file="UD_UBBulkBillerService.pas"/>
<testcase name="Junior_HUC" classname="Junior_HUC" time="0.375912" file="UD_UBBulkBillerService.pas"/>
<testcase name="Adult_HUC" classname="Adult_HUC" time="0.381486" file="UD_UBBulkBillerService.pas"/>
<testcase name="Senior_HUC" classname="Senior_HUC" time="0.394703" file="UD_UBBulkBillerService.pas"/>
<testcase name="Youth_CSC_HUC" classname="Youth_CSC_HUC" time="0.377817" file="UD_UBBulkBillerService.pas"/>
<testcase name="Junior_CSC_HUC" classname="Junior_CSC_HUC" time="0.397557" file="UD_UBBulkBillerService.pas"/>
<testcase name="Adult_CSC_HUC" classname="Adult_CSC_HUC" time="0.380178" file="UD_UBBulkBillerService.pas"/>
<testcase name="Senior_CSC_HUC" classname="Senior_CSC_HUC" time="0.375275" file="UD_UBBulkBillerService.pas"/>
</testsuite>
<testsuite name="IHTest.exe.UBBulkBillerService.Test_TGMSCodeCalculator_GuessGMSCodeImpl_UnapprovedPrescriber" tests="16" failures="0" errors="0" skipped="0" time="6.100588" timestamp="2025-02-16T14:08:45" package="IHTest.exe" id="608" hostname="caindvbuild01.well.local">
<testcase name="Youth" classname="Youth" time="0.386551" file="UD_UBBulkBillerService.pas"/>
<testcase name="Junior" classname="Junior" time="0.379489" file="UD_UBBulkBillerService.pas"/>
<testcase name="Adult" classname="Adult" time="0.384716" file="UD_UBBulkBillerService.pas"/>
<testcase name="Senior" classname="Senior" time="0.372058" file="UD_UBBulkBillerService.pas"/>
<testcase name="Youth_CSC" classname="Youth_CSC" time="0.375127" file="UD_UBBulkBillerService.pas"/>
<testcase name="Junior_CSC" classname="Junior_CSC" time="0.388876" file="UD_UBBulkBillerService.pas"/>
<testcase name="Adult_CSC" classname="Adult_CSC" time="0.384975" file="UD_UBBulkBillerService.pas"/>
<testcase name="Senior_CSC" classname="Senior_CSC" time="0.3842" file="UD_UBBulkBillerService.pas"/>
<testcase name="Youth_HUC" classname="Youth_HUC" time="0.382198" file="UD_UBBulkBillerService.pas"/>
<testcase name="Junior_HUC" classname="Junior_HUC" time="0.379962" file="UD_UBBulkBillerService.pas"/>
<testcase name="Adult_HUC" classname="Adult_HUC" time="0.380706" file="UD_UBBulkBillerService.pas"/>
<testcase name="Senior_HUC" classname="Senior_HUC" time="0.380485" file="UD_UBBulkBillerService.pas"/>
<testcase name="Youth_CSC_HUC" classname="Youth_CSC_HUC" time="0.382307" file="UD_UBBulkBillerService.pas"/>
<testcase name="Junior_CSC_HUC" classname="Junior_CSC_HUC" time="0.379459" file="UD_UBBulkBillerService.pas"/>
<testcase name="Adult_CSC_HUC" classname="Adult_CSC_HUC" time="0.375705" file="UD_UBBulkBillerService.pas"/>
<testcase name="Senior_CSC_HUC" classname="Senior_CSC_HUC" time="0.383354" file="UD_UBBulkBillerService.pas"/>
</testsuite>
<testsuite name="IHTest.exe.Ontario.Claims.Test_OntarioClaimAutomaticResponser" tests="6" failures="0" errors="0" skipped="0" time="0.576354" timestamp="2025-02-16T14:08:52" package="IHTest.exe" id="609" hostname="caindvbuild01.well.local">
<testcase name="None" classname="None" time="0.017847" file="UD_UBOntarioClaimAutomaticResponser.pas"/>
<testcase name="RemittanceAdvice" classname="RemittanceAdvice" time="0.276039" file="UD_UBOntarioClaimAutomaticResponser.pas"/>
<testcase name="RemittanceAdviceExplanation" classname="RemittanceAdviceExplanation" time="0.226438" file="UD_UBOntarioClaimAutomaticResponser.pas"/>
<testcase name="FileReject" classname="FileReject" time="0.015594" file="UD_UBOntarioClaimAutomaticResponser.pas"/>
<testcase name="BatchReject" classname="BatchReject" time="0.014037" file="UD_UBOntarioClaimAutomaticResponser.pas"/>
<testcase name="ClaimReject" classname="ClaimReject" time="0.026254" file="UD_UBOntarioClaimAutomaticResponser.pas"/>
</testsuite>
<testsuite name="IHTest.exe.UIFlowChartsForm.Test_FlowChartsForm_AddHriToContactAnnotation" tests="2" failures="0" errors="0" skipped="0" time="0.27519" timestamp="2025-02-16T14:08:52" package="IHTest.exe" id="610" hostname="caindvbuild01.well.local">
<testcase name="OneHRI" classname="OneHRI" time="0.157047" file="UD_UIFlowChartsForm.pas"/>
<testcase name="ManyHRIs" classname="ManyHRIs" time="0.118069" file="UD_UIFlowChartsForm.pas"/>
</testsuite>
<testsuite name="IHTest.exe.UIFlowChartsForm.Test_FlowChartsForm_HriToContactAnnotationLine" tests="5" failures="0" errors="0" skipped="0" time="1.536091" timestamp="2025-02-16T14:08:52" package="IHTest.exe" id="611" hostname="caindvbuild01.well.local">
<testcase name="QuantityHRI" classname="QuantityHRI" time="0.287675" file="UD_UIFlowChartsForm.pas"/>
<testcase name="QuantityWithUnit" classname="QuantityWithUnit" time="0.400912" file="UD_UIFlowChartsForm.pas"/>
<testcase name="QuantityRangeWithUnit" classname="QuantityRangeWithUnit" time="0.433305" file="UD_UIFlowChartsForm.pas"/>
<testcase name="TextHRI" classname="TextHRI" time="0.190384" file="UD_UIFlowChartsForm.pas"/>
<testcase name="TimeHRI" classname="TimeHRI" time="0.22367" file="UD_UIFlowChartsForm.pas"/>
</testsuite>
</testsuites>
