{"D:\\react\\react\\src\\components\\SearchResultsList\\SearchResultsList.tsx": {"path":"D:\\react\\react\\src\\components\\SearchResultsList\\SearchResultsList.tsx","all":false,"statementMap":{"0":{"start":{"line":1,"column":0},"end":{"line":1,"column":55}},"2":{"start":{"line":3,"column":0},"end":{"line":3,"column":52}},"9":{"start":{"line":10,"column":0},"end":{"line":10,"column":66}},"10":{"start":{"line":11,"column":0},"end":{"line":11,"column":33}},"12":{"start":{"line":13,"column":0},"end":{"line":13,"column":45}},"13":{"start":{"line":14,"column":0},"end":{"line":14,"column":60}},"14":{"start":{"line":15,"column":0},"end":{"line":15,"column":55}},"15":{"start":{"line":16,"column":0},"end":{"line":16,"column":76}},"16":{"start":{"line":17,"column":0},"end":{"line":17,"column":23}},"17":{"start":{"line":18,"column":0},"end":{"line":18,"column":65}},"18":{"start":{"line":19,"column":0},"end":{"line":19,"column":7}},"19":{"start":{"line":20,"column":0},"end":{"line":20,"column":18}},"20":{"start":{"line":21,"column":0},"end":{"line":21,"column":4}},"22":{"start":{"line":23,"column":0},"end":{"line":23,"column":53}},"23":{"start":{"line":24,"column":0},"end":{"line":24,"column":42}},"24":{"start":{"line":25,"column":0},"end":{"line":25,"column":50}},"25":{"start":{"line":26,"column":0},"end":{"line":26,"column":18}},"26":{"start":{"line":27,"column":0},"end":{"line":27,"column":24}},"27":{"start":{"line":28,"column":0},"end":{"line":28,"column":34}},"28":{"start":{"line":29,"column":0},"end":{"line":29,"column":11}},"29":{"start":{"line":30,"column":0},"end":{"line":30,"column":15}},"30":{"start":{"line":31,"column":0},"end":{"line":31,"column":7}},"31":{"start":{"line":32,"column":0},"end":{"line":32,"column":44}},"32":{"start":{"line":33,"column":0},"end":{"line":33,"column":20}},"33":{"start":{"line":34,"column":0},"end":{"line":34,"column":15}},"34":{"start":{"line":35,"column":0},"end":{"line":35,"column":7}},"35":{"start":{"line":36,"column":0},"end":{"line":36,"column":44}},"36":{"start":{"line":37,"column":0},"end":{"line":37,"column":26}},"37":{"start":{"line":38,"column":0},"end":{"line":38,"column":18}},"38":{"start":{"line":39,"column":0},"end":{"line":39,"column":37}},"39":{"start":{"line":40,"column":0},"end":{"line":40,"column":34}},"40":{"start":{"line":41,"column":0},"end":{"line":41,"column":11}},"41":{"start":{"line":42,"column":0},"end":{"line":42,"column":7}},"42":{"start":{"line":43,"column":0},"end":{"line":43,"column":5}},"43":{"start":{"line":44,"column":0},"end":{"line":44,"column":4}},"45":{"start":{"line":46,"column":0},"end":{"line":46,"column":34}},"46":{"start":{"line":47,"column":0},"end":{"line":47,"column":12}},"47":{"start":{"line":48,"column":0},"end":{"line":48,"column":73}},"48":{"start":{"line":49,"column":0},"end":{"line":49,"column":80}},"50":{"start":{"line":51,"column":0},"end":{"line":51,"column":14}},"51":{"start":{"line":52,"column":0},"end":{"line":52,"column":80}},"53":{"start":{"line":54,"column":0},"end":{"line":54,"column":14}},"54":{"start":{"line":55,"column":0},"end":{"line":55,"column":12}},"55":{"start":{"line":56,"column":0},"end":{"line":56,"column":78}},"56":{"start":{"line":57,"column":0},"end":{"line":57,"column":9}},"58":{"start":{"line":59,"column":0},"end":{"line":59,"column":14}},"59":{"start":{"line":60,"column":0},"end":{"line":60,"column":11}},"61":{"start":{"line":62,"column":0},"end":{"line":62,"column":4}},"63":{"start":{"line":64,"column":0},"end":{"line":64,"column":33}},"64":{"start":{"line":65,"column":0},"end":{"line":65,"column":74}},"65":{"start":{"line":66,"column":0},"end":{"line":66,"column":14}},"66":{"start":{"line":67,"column":0},"end":{"line":67,"column":11}},"67":{"start":{"line":68,"column":0},"end":{"line":68,"column":26}},"68":{"start":{"line":69,"column":0},"end":{"line":69,"column":25}},"69":{"start":{"line":70,"column":0},"end":{"line":70,"column":50}},"71":{"start":{"line":72,"column":0},"end":{"line":72,"column":14}},"72":{"start":{"line":73,"column":0},"end":{"line":73,"column":78}},"74":{"start":{"line":75,"column":0},"end":{"line":75,"column":25}},"75":{"start":{"line":76,"column":0},"end":{"line":76,"column":16}},"76":{"start":{"line":77,"column":0},"end":{"line":77,"column":14}},"77":{"start":{"line":78,"column":0},"end":{"line":78,"column":78}},"79":{"start":{"line":80,"column":0},"end":{"line":80,"column":24}},"80":{"start":{"line":81,"column":0},"end":{"line":81,"column":16}},"81":{"start":{"line":82,"column":0},"end":{"line":82,"column":14}},"82":{"start":{"line":83,"column":0},"end":{"line":83,"column":80}},"84":{"start":{"line":85,"column":0},"end":{"line":85,"column":35}},"85":{"start":{"line":86,"column":0},"end":{"line":86,"column":16}},"86":{"start":{"line":87,"column":0},"end":{"line":87,"column":13}},"88":{"start":{"line":89,"column":0},"end":{"line":89,"column":7}},"89":{"start":{"line":90,"column":0},"end":{"line":90,"column":21}},"90":{"start":{"line":91,"column":0},"end":{"line":91,"column":4}},"91":{"start":{"line":92,"column":0},"end":{"line":92,"column":10}},"92":{"start":{"line":93,"column":0},"end":{"line":93,"column":46}},"93":{"start":{"line":94,"column":0},"end":{"line":94,"column":74}},"94":{"start":{"line":95,"column":0},"end":{"line":95,"column":28}},"95":{"start":{"line":96,"column":0},"end":{"line":96,"column":27}},"96":{"start":{"line":97,"column":0},"end":{"line":97,"column":11}},"97":{"start":{"line":98,"column":0},"end":{"line":98,"column":16}},"98":{"start":{"line":99,"column":0},"end":{"line":99,"column":14}},"100":{"start":{"line":101,"column":0},"end":{"line":101,"column":1}}},"s":{"0":1,"2":1,"9":1,"10":1,"12":1,"13":2,"14":2,"15":2,"16":2,"17":1,"18":2,"19":2,"20":2,"22":1,"23":0,"24":0,"25":0,"26":0,"27":0,"28":0,"29":0,"30":0,"31":0,"32":0,"33":0,"34":0,"35":0,"36":0,"37":0,"38":0,"39":0,"40":0,"41":0,"42":0,"43":0,"45":1,"46":1,"47":1,"48":1,"50":1,"51":1,"53":1,"54":1,"55":1,"56":1,"58":1,"59":1,"61":1,"63":1,"64":1,"65":2,"66":2,"67":2,"68":2,"69":2,"71":2,"72":2,"74":2,"75":2,"76":2,"77":2,"79":2,"80":2,"81":2,"82":2,"84":2,"85":2,"86":2,"88":1,"89":1,"90":1,"91":1,"92":1,"93":1,"94":1,"95":1,"96":1,"97":1,"98":1,"100":1},"branchMap":{"0":{"type":"branch","line":10,"loc":{"start":{"line":10,"column":7},"end":{"line":101,"column":1}},"locations":[{"start":{"line":10,"column":7},"end":{"line":101,"column":1}}]},"1":{"type":"branch","line":13,"loc":{"start":{"line":13,"column":24},"end":{"line":21,"column":4}},"locations":[{"start":{"line":13,"column":24},"end":{"line":21,"column":4}}]},"2":{"type":"branch","line":16,"loc":{"start":{"line":16,"column":14},"end":{"line":16,"column":75}},"locations":[{"start":{"line":16,"column":14},"end":{"line":16,"column":75}}]},"3":{"type":"branch","line":16,"loc":{"start":{"line":16,"column":41},"end":{"line":16,"column":75}},"locations":[{"start":{"line":16,"column":41},"end":{"line":16,"column":75}}]},"4":{"type":"branch","line":17,"loc":{"start":{"line":17,"column":11},"end":{"line":18,"column":65}},"locations":[{"start":{"line":17,"column":11},"end":{"line":18,"column":65}}]},"5":{"type":"branch","line":46,"loc":{"start":{"line":46,"column":27},"end":{"line":62,"column":4}},"locations":[{"start":{"line":46,"column":27},"end":{"line":62,"column":4}}]},"6":{"type":"branch","line":64,"loc":{"start":{"line":64,"column":26},"end":{"line":91,"column":4}},"locations":[{"start":{"line":64,"column":26},"end":{"line":91,"column":4}}]},"7":{"type":"branch","line":65,"loc":{"start":{"line":65,"column":61},"end":{"line":89,"column":5}},"locations":[{"start":{"line":65,"column":61},"end":{"line":89,"column":5}}]}},"b":{"0":[1],"1":[2],"2":[14],"3":[5],"4":[1],"5":[1],"6":[1],"7":[2]},"fnMap":{"0":{"name":"SearchResultsList","decl":{"start":{"line":10,"column":7},"end":{"line":101,"column":1}},"loc":{"start":{"line":10,"column":7},"end":{"line":101,"column":1}},"line":10},"1":{"name":"getAnimalType","decl":{"start":{"line":13,"column":24},"end":{"line":21,"column":4}},"loc":{"start":{"line":13,"column":24},"end":{"line":21,"column":4}},"line":13},"2":{"name":"clickListHandler","decl":{"start":{"line":23,"column":27},"end":{"line":44,"column":4}},"loc":{"start":{"line":23,"column":27},"end":{"line":44,"column":4}},"line":23},"3":{"name":"renderListHeader","decl":{"start":{"line":46,"column":27},"end":{"line":62,"column":4}},"loc":{"start":{"line":46,"column":27},"end":{"line":62,"column":4}},"line":46},"4":{"name":"renderListItems","decl":{"start":{"line":64,"column":26},"end":{"line":91,"column":4}},"loc":{"start":{"line":64,"column":26},"end":{"line":91,"column":4}},"line":64}},"f":{"0":1,"1":2,"2":0,"3":1,"4":1}}
}
